#
# There is insufficient memory for the Java Runtime Environment to continue.
# Native memory allocation (malloc) failed to allocate 32744 bytes for ChunkPool::allocate
# Possible reasons:
#   The system is out of physical RAM or swap space
#   The process is running with CompressedOops enabled, and the Java Heap may be blocking the growth of the native heap
# Possible solutions:
#   Reduce memory load on the system
#   Increase physical memory or swap space
#   Check if swap backing store is full
#   Decrease Java heap size (-Xmx/-Xms)
#   Decrease number of Java threads
#   Decrease Java thread stack sizes (-Xss)
#   Set larger code cache with -XX:ReservedCodeCacheSize=
#   JVM is running with Unscaled Compressed Oops mode in which the Java heap is
#     placed in the first 4GB address space. The Java Heap base address is the
#     maximum limit for the native heap growth. Please use -XX:HeapBaseMinAddress
#     to set the Java Heap base and to place the Java Heap above 4GB virtual address.
# This output file may be truncated or incomplete.
#
#  Out of Memory Error (allocation.cpp:272), pid=2212, tid=0x0000000000001924
#
# JRE version: OpenJDK Runtime Environment (8.0_242-b01) (build 1.8.0_242-release-1644-b01)
# Java VM: OpenJDK 64-Bit Server VM (25.242-b01 mixed mode windows-amd64 compressed oops)
# Failed to write core dump. Minidumps are not enabled by default on client versions of Windows
#

---------------  T H R E A D  ---------------

Current thread (0x00000000177bd000):  JavaThread "C2 CompilerThread1" daemon [_thread_in_native, id=6436, stack(0x0000000018f10000,0x0000000019010000)]

Stack: [0x0000000018f10000,0x0000000019010000]
[error occurred during error reporting (printing stack bounds), id 0xc0000005]

Native frames: (J=compiled Java code, j=interpreted, Vv=VM code, C=native code)


Current CompileTask:
C2: 143167 12220       4       org.gradle.api.internal.artifacts.ivyservice.resolveengine.artifact.ArtifactBackedResolvedVariant$SingleArtifactSet::startVisit (62 bytes)


---------------  P R O C E S S  ---------------

Java Threads: ( => current thread )
  0x00000000192e0000 JavaThread "Build operations Thread 4" [_thread_blocked, id=3832, stack(0x00000000222b0000,0x00000000223b0000)]
  0x00000000192d6000 JavaThread "Build operations Thread 3" [_thread_blocked, id=6996, stack(0x00000000221b0000,0x00000000222b0000)]
  0x00000000192d9000 JavaThread "Build operations Thread 2" [_thread_blocked, id=19404, stack(0x0000000020300000,0x0000000020400000)]
  0x00000000192dd000 JavaThread "Build operations" [_thread_blocked, id=12172, stack(0x000000001ff00000,0x0000000020000000)]
  0x00000000192d1800 JavaThread "Cache worker for cache directory md-rule (C:\Users\TOSHIBA\.gradle\caches\6.5\md-rule)" [_thread_blocked, id=2592, stack(0x000000001fe00000,0x000000001ff00000)]
  0x00000000192d7800 JavaThread "Cache worker for cache directory md-supplier (C:\Users\TOSHIBA\.gradle\caches\6.5\md-supplier)" [_thread_blocked, id=14612, stack(0x000000001fd00000,0x000000001fe00000)]
  0x00000000192d8800 JavaThread "Cache worker for checksums cache (C:\Users\TOSHIBA\AndroidStudioProjects\Kotlin\RwadCodingAcdemy\ToDoList\.gradle\checksums)" [_thread_blocked, id=8936, stack(0x000000001e800000,0x000000001e900000)]
  0x00000000192d5800 JavaThread "Cache worker for file hash cache (C:\Users\TOSHIBA\AndroidStudioProjects\Kotlin\RwadCodingAcdemy\ToDoList\.gradle\6.5\fileHashes)" [_thread_blocked, id=3192, stack(0x000000001d230000,0x000000001d330000)]
  0x00000000192d4000 JavaThread "Thread-309" [_thread_blocked, id=14468, stack(0x000000001cf30000,0x000000001d030000)]
  0x00000000192d1000 JavaThread "Stdin handler" [_thread_blocked, id=11724, stack(0x000000001ce30000,0x000000001cf30000)]
  0x00000000192d3000 JavaThread "Asynchronous log dispatcher for DefaultDaemonConnection: socket connection from /127.0.0.1:11365 to /127.0.0.1:11401" [_thread_blocked, id=18100, stack(0x000000001cd30000,0x000000001ce30000)]
  0x00000000192d2800 JavaThread "Cancel handler" [_thread_blocked, id=15784, stack(0x000000001c5f0000,0x000000001c6f0000)]
  0x00000000192d7000 JavaThread "Handler for socket connection from /127.0.0.1:11365 to /127.0.0.1:11401" [_thread_in_native, id=10828, stack(0x000000001c4f0000,0x000000001c5f0000)]
  0x000000001a795000 JavaThread "jar transforms Thread 226" [_thread_blocked, id=3152, stack(0x00000000294b0000,0x00000000295b0000)]
  0x000000001a794800 JavaThread "jar transforms Thread 225" [_thread_blocked, id=17912, stack(0x00000000293b0000,0x00000000294b0000)]
  0x000000001a78f000 JavaThread "jar transforms Thread 224" [_thread_blocked, id=18596, stack(0x00000000292b0000,0x00000000293b0000)]
  0x000000001a791000 JavaThread "jar transforms Thread 223" [_thread_blocked, id=18468, stack(0x00000000291b0000,0x00000000292b0000)]
  0x000000001a790800 JavaThread "jar transforms Thread 222" [_thread_blocked, id=19324, stack(0x00000000290b0000,0x00000000291b0000)]
  0x000000001a793800 JavaThread "jar transforms Thread 221" [_thread_blocked, id=1164, stack(0x0000000028fb0000,0x00000000290b0000)]
  0x000000001a78c800 JavaThread "jar transforms Thread 220" [_thread_blocked, id=18976, stack(0x0000000028eb0000,0x0000000028fb0000)]
  0x000000001a78c000 JavaThread "jar transforms Thread 219" [_thread_blocked, id=1468, stack(0x0000000028db0000,0x0000000028eb0000)]
  0x000000001a792800 JavaThread "jar transforms Thread 218" [_thread_blocked, id=8220, stack(0x0000000028cb0000,0x0000000028db0000)]
  0x000000001a78f800 JavaThread "jar transforms Thread 217" [_thread_blocked, id=5872, stack(0x0000000028bb0000,0x0000000028cb0000)]
  0x000000001a78b000 JavaThread "jar transforms Thread 216" [_thread_blocked, id=17840, stack(0x0000000028ab0000,0x0000000028bb0000)]
  0x000000001a792000 JavaThread "jar transforms Thread 215" [_thread_blocked, id=17448, stack(0x00000000289b0000,0x0000000028ab0000)]
  0x000000001a78d800 JavaThread "jar transforms Thread 214" [_thread_blocked, id=9852, stack(0x00000000288b0000,0x00000000289b0000)]
  0x000000001e2c6800 JavaThread "jar transforms Thread 213" [_thread_blocked, id=8816, stack(0x00000000287b0000,0x00000000288b0000)]
  0x000000001e2cb800 JavaThread "jar transforms Thread 212" [_thread_blocked, id=1264, stack(0x00000000286b0000,0x00000000287b0000)]
  0x000000001e2cb000 JavaThread "jar transforms Thread 211" [_thread_blocked, id=2492, stack(0x00000000285b0000,0x00000000286b0000)]
  0x000000001e2c8000 JavaThread "jar transforms Thread 210" [_thread_blocked, id=17092, stack(0x00000000284b0000,0x00000000285b0000)]
  0x000000001e2cc800 JavaThread "jar transforms Thread 209" [_thread_blocked, id=13544, stack(0x00000000283b0000,0x00000000284b0000)]
  0x000000001e2c9800 JavaThread "jar transforms Thread 208" [_thread_blocked, id=18748, stack(0x00000000282b0000,0x00000000283b0000)]
  0x000000001e2c7000 JavaThread "jar transforms Thread 207" [_thread_blocked, id=18648, stack(0x00000000281b0000,0x00000000282b0000)]
  0x000000001e2ca000 JavaThread "jar transforms Thread 206" [_thread_blocked, id=18696, stack(0x00000000280b0000,0x00000000281b0000)]
  0x000000001e2c8800 JavaThread "jar transforms Thread 205" [_thread_blocked, id=20144, stack(0x0000000027fb0000,0x00000000280b0000)]
  0x000000001e2bf000 JavaThread "jar transforms Thread 204" [_thread_blocked, id=17956, stack(0x0000000027eb0000,0x0000000027fb0000)]
  0x000000001e2c5800 JavaThread "jar transforms Thread 203" [_thread_blocked, id=8236, stack(0x0000000027db0000,0x0000000027eb0000)]
  0x000000001e2be000 JavaThread "jar transforms Thread 202" [_thread_blocked, id=10308, stack(0x0000000027cb0000,0x0000000027db0000)]
  0x000000001e2c5000 JavaThread "jar transforms Thread 201" [_thread_blocked, id=9736, stack(0x0000000027bb0000,0x0000000027cb0000)]
  0x000000001e2c0800 JavaThread "jar transforms Thread 200" [_thread_blocked, id=20388, stack(0x0000000027ab0000,0x0000000027bb0000)]
  0x000000001e2bd800 JavaThread "jar transforms Thread 199" [_thread_blocked, id=15912, stack(0x00000000279b0000,0x0000000027ab0000)]
  0x000000001e2c3800 JavaThread "jar transforms Thread 198" [_thread_blocked, id=19248, stack(0x00000000278b0000,0x00000000279b0000)]
  0x000000001e2bf800 JavaThread "jar transforms Thread 197" [_thread_blocked, id=3124, stack(0x00000000277b0000,0x00000000278b0000)]
  0x000000001e2c4000 JavaThread "jar transforms Thread 196" [_thread_blocked, id=18384, stack(0x00000000276b0000,0x00000000277b0000)]
  0x000000001e2c2800 JavaThread "jar transforms Thread 195" [_thread_blocked, id=1652, stack(0x00000000275b0000,0x00000000276b0000)]
  0x000000001e2c2000 JavaThread "jar transforms Thread 194" [_thread_blocked, id=16136, stack(0x00000000274b0000,0x00000000275b0000)]
  0x000000001e2c1000 JavaThread "jar transforms Thread 193" [_thread_blocked, id=900, stack(0x00000000273b0000,0x00000000274b0000)]
  0x000000001f487000 JavaThread "jar transforms Thread 192" [_thread_blocked, id=17472, stack(0x00000000272b0000,0x00000000273b0000)]
  0x000000001f486800 JavaThread "jar transforms Thread 191" [_thread_blocked, id=1096, stack(0x00000000271b0000,0x00000000272b0000)]
  0x000000001f485800 JavaThread "jar transforms Thread 190" [_thread_blocked, id=19452, stack(0x00000000270b0000,0x00000000271b0000)]
  0x000000001f489800 JavaThread "jar transforms Thread 189" [_thread_blocked, id=20312, stack(0x0000000026fb0000,0x00000000270b0000)]
  0x000000001f488000 JavaThread "jar transforms Thread 188" [_thread_blocked, id=18436, stack(0x0000000026eb0000,0x0000000026fb0000)]
  0x000000001f484000 JavaThread "jar transforms Thread 187" [_thread_blocked, id=15904, stack(0x0000000026db0000,0x0000000026eb0000)]
  0x000000001f485000 JavaThread "jar transforms Thread 186" [_thread_blocked, id=8456, stack(0x0000000026cb0000,0x0000000026db0000)]
  0x000000001f48a000 JavaThread "jar transforms Thread 185" [_thread_blocked, id=6472, stack(0x0000000026bb0000,0x0000000026cb0000)]
  0x000000001f488800 JavaThread "jar transforms Thread 184" [_thread_blocked, id=12440, stack(0x0000000026ab0000,0x0000000026bb0000)]
  0x000000001f483800 JavaThread "jar transforms Thread 183" [_thread_blocked, id=19256, stack(0x00000000269b0000,0x0000000026ab0000)]
  0x000000001f47c000 JavaThread "jar transforms Thread 182" [_thread_blocked, id=11596, stack(0x00000000268b0000,0x00000000269b0000)]
  0x000000001f480800 JavaThread "jar transforms Thread 181" [_thread_blocked, id=5908, stack(0x00000000267b0000,0x00000000268b0000)]
  0x000000001f47f800 JavaThread "jar transforms Thread 180" [_thread_blocked, id=2792, stack(0x00000000266b0000,0x00000000267b0000)]
  0x000000001f47f000 JavaThread "jar transforms Thread 179" [_thread_blocked, id=19984, stack(0x00000000265b0000,0x00000000266b0000)]
  0x000000001f482800 JavaThread "jar transforms Thread 178" [_thread_blocked, id=20060, stack(0x00000000264b0000,0x00000000265b0000)]
  0x000000001f47e000 JavaThread "jar transforms Thread 177" [_thread_blocked, id=16536, stack(0x00000000263b0000,0x00000000264b0000)]
  0x000000001f47b000 JavaThread "jar transforms Thread 176" [_thread_blocked, id=6352, stack(0x00000000262b0000,0x00000000263b0000)]
  0x000000001f47c800 JavaThread "jar transforms Thread 175" [_thread_blocked, id=17880, stack(0x00000000261b0000,0x00000000262b0000)]
  0x000000001f47d800 JavaThread "jar transforms Thread 174" [_thread_blocked, id=18800, stack(0x00000000260b0000,0x00000000261b0000)]
  0x000000001f482000 JavaThread "jar transforms Thread 173" [_thread_blocked, id=18952, stack(0x0000000025fb0000,0x00000000260b0000)]
  0x000000001f481000 JavaThread "jar transforms Thread 172" [_thread_blocked, id=10196, stack(0x0000000025eb0000,0x0000000025fb0000)]
  0x000000001f527000 JavaThread "jar transforms Thread 171" [_thread_blocked, id=17416, stack(0x0000000025db0000,0x0000000025eb0000)]
  0x000000001f526800 JavaThread "jar transforms Thread 170" [_thread_blocked, id=19504, stack(0x0000000025cb0000,0x0000000025db0000)]
  0x000000001f525800 JavaThread "jar transforms Thread 169" [_thread_blocked, id=16336, stack(0x0000000025bb0000,0x0000000025cb0000)]
  0x000000001f525000 JavaThread "jar transforms Thread 168" [_thread_blocked, id=11460, stack(0x0000000025ab0000,0x0000000025bb0000)]
  0x000000001f524000 JavaThread "jar transforms Thread 167" [_thread_blocked, id=1396, stack(0x00000000259b0000,0x0000000025ab0000)]
  0x000000001f523800 JavaThread "jar transforms Thread 166" [_thread_blocked, id=17216, stack(0x00000000258b0000,0x00000000259b0000)]
  0x000000001f529800 JavaThread "jar transforms Thread 165" [_thread_blocked, id=7600, stack(0x00000000257b0000,0x00000000258b0000)]
  0x000000001f528800 JavaThread "jar transforms Thread 164" [_thread_blocked, id=3024, stack(0x00000000256b0000,0x00000000257b0000)]
  0x000000001f528000 JavaThread "jar transforms Thread 163" [_thread_blocked, id=19264, stack(0x00000000255b0000,0x00000000256b0000)]
  0x000000001f52a000 JavaThread "jar transforms Thread 162" [_thread_blocked, id=16792, stack(0x00000000254b0000,0x00000000255b0000)]
  0x000000001f51c000 JavaThread "jar transforms Thread 161" [_thread_blocked, id=7136, stack(0x00000000253b0000,0x00000000254b0000)]
  0x000000001f520800 JavaThread "jar transforms Thread 160" [_thread_blocked, id=3380, stack(0x00000000252b0000,0x00000000253b0000)]
  0x000000001f51f800 JavaThread "jar transforms Thread 159" [_thread_blocked, id=11080, stack(0x00000000251b0000,0x00000000252b0000)]
  0x000000001f522800 JavaThread "jar transforms Thread 158" [_thread_blocked, id=8980, stack(0x00000000250b0000,0x00000000251b0000)]
  0x000000001f521000 JavaThread "jar transforms Thread 157" [_thread_blocked, id=1236, stack(0x0000000024fb0000,0x00000000250b0000)]
  0x000000001f51e000 JavaThread "jar transforms Thread 156" [_thread_blocked, id=12908, stack(0x0000000024eb0000,0x0000000024fb0000)]
  0x000000001f51c800 JavaThread "jar transforms Thread 155" [_thread_blocked, id=3332, stack(0x0000000024db0000,0x0000000024eb0000)]
  0x000000001f522000 JavaThread "jar transforms Thread 154" [_thread_blocked, id=17776, stack(0x0000000024cb0000,0x0000000024db0000)]
  0x000000001f51d800 JavaThread "jar transforms Thread 153" [_thread_blocked, id=9296, stack(0x0000000024bb0000,0x0000000024cb0000)]
  0x000000001f51b000 JavaThread "jar transforms Thread 152" [_thread_blocked, id=4452, stack(0x0000000024ab0000,0x0000000024bb0000)]
  0x000000001f51f000 JavaThread "jar transforms Thread 151" [_thread_blocked, id=19924, stack(0x00000000249b0000,0x0000000024ab0000)]
  0x000000001b4be800 JavaThread "jar transforms Thread 150" [_thread_blocked, id=18764, stack(0x00000000248b0000,0x00000000249b0000)]
  0x000000001b4c1800 JavaThread "jar transforms Thread 149" [_thread_blocked, id=11228, stack(0x00000000247b0000,0x00000000248b0000)]
  0x000000001b4c1000 JavaThread "jar transforms Thread 148" [_thread_blocked, id=18148, stack(0x00000000246b0000,0x00000000247b0000)]
  0x000000001b4c0000 JavaThread "jar transforms Thread 147" [_thread_blocked, id=11860, stack(0x00000000245b0000,0x00000000246b0000)]
  0x000000001b4c3800 JavaThread "jar transforms Thread 146" [_thread_blocked, id=18492, stack(0x00000000244b0000,0x00000000245b0000)]
  0x000000001e35e000 JavaThread "jar transforms Thread 145" [_thread_blocked, id=18580, stack(0x00000000243b0000,0x00000000244b0000)]
  0x000000001e35b000 JavaThread "jar transforms Thread 144" [_thread_blocked, id=11716, stack(0x00000000242b0000,0x00000000243b0000)]
  0x000000001e35a000 JavaThread "jar transforms Thread 143" [_thread_blocked, id=17476, stack(0x00000000241b0000,0x00000000242b0000)]
  0x000000001e356800 JavaThread "jar transforms Thread 142" [_thread_blocked, id=13176, stack(0x00000000240b0000,0x00000000241b0000)]
  0x000000001e35d000 JavaThread "jar transforms Thread 141" [_thread_blocked, id=18892, stack(0x0000000023fb0000,0x00000000240b0000)]
  0x000000001e359800 JavaThread "jar transforms Thread 140" [_thread_blocked, id=16396, stack(0x0000000023eb0000,0x0000000023fb0000)]
  0x000000001e357000 JavaThread "jar transforms Thread 139" [_thread_blocked, id=13032, stack(0x0000000023db0000,0x0000000023eb0000)]
  0x000000001e355800 JavaThread "jar transforms Thread 138" [_thread_blocked, id=6216, stack(0x0000000023cb0000,0x0000000023db0000)]
  0x000000001e35c800 JavaThread "jar transforms Thread 137" [_thread_blocked, id=11540, stack(0x0000000023bb0000,0x0000000023cb0000)]
  0x000000001e358800 JavaThread "jar transforms Thread 136" [_thread_blocked, id=6580, stack(0x0000000023ab0000,0x0000000023bb0000)]
  0x000000001e34f000 JavaThread "jar transforms Thread 135" [_thread_blocked, id=19724, stack(0x00000000239b0000,0x0000000023ab0000)]
  0x000000001e34f800 JavaThread "jar transforms Thread 134" [_thread_blocked, id=8760, stack(0x00000000238b0000,0x00000000239b0000)]
  0x000000001e355000 JavaThread "jar transforms Thread 133" [_thread_blocked, id=19632, stack(0x00000000237b0000,0x00000000238b0000)]
  0x000000001e354000 JavaThread "jar transforms Thread 132" [_thread_blocked, id=20408, stack(0x00000000236b0000,0x00000000237b0000)]
  0x000000001e351000 JavaThread "jar transforms Thread 131" [_thread_blocked, id=11816, stack(0x00000000235b0000,0x00000000236b0000)]
  0x000000001e731000 JavaThread "jar transforms Thread 130" [_thread_blocked, id=6960, stack(0x00000000234b0000,0x00000000235b0000)]
  0x000000001e730800 JavaThread "jar transforms Thread 129" [_thread_blocked, id=3584, stack(0x00000000233b0000,0x00000000234b0000)]
  0x000000001e72c800 JavaThread "jar transforms Thread 128" [_thread_blocked, id=9616, stack(0x00000000232b0000,0x00000000233b0000)]
  0x000000001e732800 JavaThread "jar transforms Thread 127" [_thread_blocked, id=19800, stack(0x00000000231b0000,0x00000000232b0000)]
  0x000000001e732000 JavaThread "jar transforms Thread 126" [_thread_blocked, id=17732, stack(0x00000000230b0000,0x00000000231b0000)]
  0x000000001e72f800 JavaThread "jar transforms Thread 125" [_thread_blocked, id=10620, stack(0x0000000022fb0000,0x00000000230b0000)]
  0x000000001e72e000 JavaThread "jar transforms Thread 124" [_thread_blocked, id=17848, stack(0x0000000022db0000,0x0000000022eb0000)]
  0x000000001e72d800 JavaThread "jar transforms Thread 123" [_thread_blocked, id=19040, stack(0x0000000022cb0000,0x0000000022db0000)]
  0x000000001e733800 JavaThread "jar transforms Thread 122" [_thread_blocked, id=7144, stack(0x0000000022bb0000,0x0000000022cb0000)]
  0x000000001e72f000 JavaThread "jar transforms Thread 121" [_thread_blocked, id=8080, stack(0x0000000022ab0000,0x0000000022bb0000)]
  0x000000001e725000 JavaThread "jar transforms Thread 120" [_thread_blocked, id=18900, stack(0x00000000229b0000,0x0000000022ab0000)]
  0x000000001e72a800 JavaThread "jar transforms Thread 119" [_thread_blocked, id=18668, stack(0x00000000228b0000,0x00000000229b0000)]
  0x000000001e729800 JavaThread "jar transforms Thread 118" [_thread_blocked, id=19808, stack(0x00000000227b0000,0x00000000228b0000)]
  0x000000001e72c000 JavaThread "jar transforms Thread 117" [_thread_blocked, id=12976, stack(0x00000000226b0000,0x00000000227b0000)]
  0x000000001e724800 JavaThread "jar transforms Thread 116" [_thread_blocked, id=19220, stack(0x00000000225b0000,0x00000000226b0000)]
  0x000000001f9e1000 JavaThread "jar transforms Thread 115" [_thread_blocked, id=12684, stack(0x00000000224b0000,0x00000000225b0000)]
  0x000000001f9e0000 JavaThread "jar transforms Thread 114" [_thread_blocked, id=17900, stack(0x00000000223b0000,0x00000000224b0000)]
  0x000000001f9db800 JavaThread "Daemon worker Thread 2" [_thread_in_vm, id=6552, stack(0x000000001cc30000,0x000000001cd30000)]
  0x000000001f9da000 JavaThread "Daemon Thread 2" [_thread_blocked, id=13228, stack(0x0000000000cd0000,0x0000000000dd0000)]
  0x000000001e352000 JavaThread "Memory manager" [_thread_blocked, id=1232, stack(0x0000000029fb0000,0x000000002a0b0000)]
  0x000000001b4be000 JavaThread "Cache worker for file content cache (C:\Users\TOSHIBA\.gradle\caches\6.5\fileContent)" [_thread_blocked, id=19508, stack(0x00000000213d0000,0x00000000214d0000)]
  0x000000001b4c5000 JavaThread "Cache worker for execution history cache (C:\Users\TOSHIBA\.gradle\caches\6.5\executionHistory)" [_thread_blocked, id=20376, stack(0x0000000020000000,0x0000000020100000)]
  0x000000001b4c2800 JavaThread "Cache worker for file hash cache (C:\Users\TOSHIBA\.gradle\caches\6.5\fileHashes)" [_thread_blocked, id=10820, stack(0x000000001d730000,0x000000001d830000)]
  0x000000001b15d000 JavaThread "File lock request listener" [_thread_in_native, id=11984, stack(0x000000001d630000,0x000000001d730000)]
  0x000000001b15c000 JavaThread "Cache worker for journal cache (C:\Users\TOSHIBA\.gradle\caches\journal-1)" [_thread_blocked, id=17276, stack(0x000000001d530000,0x000000001d630000)]
  0x000000001b0d1000 JavaThread "Daemon periodic checks" [_thread_blocked, id=19728, stack(0x000000001c930000,0x000000001ca30000)]
  0x000000001b0c5000 JavaThread "Incoming local TCP Connector on port 11365" [_thread_in_native, id=16132, stack(0x000000001c6f0000,0x000000001c7f0000)]
  0x00000000190f8800 JavaThread "Daemon health stats" [_thread_blocked, id=12836, stack(0x000000001c0b0000,0x000000001c1b0000)]
  0x000000001780e800 JavaThread "Service Thread" daemon [_thread_blocked, id=18620, stack(0x0000000019510000,0x0000000019610000)]
  0x0000000019018800 JavaThread "C1 CompilerThread2" daemon [_thread_in_vm, id=11872, stack(0x0000000019410000,0x0000000019510000)]
=>0x00000000177bd000 JavaThread "C2 CompilerThread1" daemon [_thread_in_native, id=6436, stack(0x0000000018f10000,0x0000000019010000)]
  0x00000000177b7800 JavaThread "C2 CompilerThread0" daemon [_thread_blocked, id=19008, stack(0x0000000018e10000,0x0000000018f10000)]
  0x00000000177b6000 JavaThread "Attach Listener" daemon [_thread_blocked, id=4900, stack(0x0000000018d10000,0x0000000018e10000)]
  0x0000000017801800 JavaThread "Signal Dispatcher" daemon [_thread_blocked, id=8560, stack(0x0000000018c10000,0x0000000018d10000)]
  0x0000000002b8b000 JavaThread "Finalizer" daemon [_thread_blocked, id=9956, stack(0x0000000018a10000,0x0000000018b10000)]
  0x0000000017799000 JavaThread "Reference Handler" daemon [_thread_blocked, id=20304, stack(0x0000000018910000,0x0000000018a10000)]
  0x00000000028ee000 JavaThread "main" [_thread_blocked, id=17528, stack(0x0000000002990000,0x0000000002a90000)]

Other Threads:
  0x0000000017776000 VMThread [stack: 0x0000000018810000,0x0000000018910000] [id=18060]
  0x0000000019087800 WatcherThread [stack: 0x0000000019610000,0x0000000019710000] [id=19168]

VM state:not at safepoint (normal execution)

VM Mutex/Monitor currently owned by a thread: None

heap address: 0x0000000080000000, size: 2048 MB, Compressed Oops mode: 32-bit
Narrow klass base: 0x0000000000000000, Narrow klass shift: 3
Compressed class space size: 1073741824 Address: 0x0000000100000000

Heap:
 PSYoungGen      total 240640K, used 165053K [0x00000000d5580000, 0x00000000e8080000, 0x0000000100000000)
  eden space 221184K, 65% used [0x00000000d5580000,0x00000000de3af8a8,0x00000000e2d80000)
  from space 19456K, 99% used [0x00000000e2d80000,0x00000000e407fd08,0x00000000e4080000)
  to   space 23552K, 0% used [0x00000000e6980000,0x00000000e6980000,0x00000000e8080000)
 ParOldGen       total 133120K, used 50495K [0x0000000080000000, 0x0000000088200000, 0x00000000d5580000)
  object space 133120K, 37% used [0x0000000080000000,0x000000008314fd90,0x0000000088200000)
 Metaspace       used 79286K, capacity 82800K, committed 83032K, reserved 1122304K
  class space    used 10405K, capacity 11053K, committed 11136K, reserved 1048576K

Card table byte_map: [0x0000000011f50000,0x0000000012360000] byte_map_base: 0x0000000011b50000

Marking Bits: (ParMarkBitMap*) 0x00000000737af030
 Begin Bits: [0x0000000012a10000, 0x0000000014a10000)
 End Bits:   [0x0000000014a10000, 0x0000000016a10000)

Polling page: 0x0000000001000000

CodeCache: size=245760Kb used=33386Kb max_used=33398Kb free=212373Kb
 bounds [0x0000000002b90000, 0x0000000004c60000, 0x0000000011b90000]
 total_blobs=11349 nmethods=10511 adapters=750
 compilation: enabled

Compilation events (10 events):
Event: 143.074 Thread 0x00000000177bd000 nmethod 12211 0x0000000004c4e710 code [0x0000000004c4ea60, 0x0000000004c500f8]
Event: 143.075 Thread 0x00000000177bd000 12216       4       org.gradle.api.internal.artifacts.DefaultModuleIdentifier::<init> (34 bytes)
Event: 143.078 Thread 0x00000000177bd000 nmethod 12216 0x0000000004c43f50 code [0x0000000004c440a0, 0x0000000004c44278]
Event: 143.079 Thread 0x00000000177bd000 12217       4       java.util.concurrent.locks.AbstractQueuedSynchronizer$ConditionObject::awaitNanos (156 bytes)
Event: 143.128 Thread 0x00000000177bd000 nmethod 12217 0x0000000004c52210 code [0x0000000004c52440, 0x0000000004c53490]
Event: 143.128 Thread 0x00000000177bd000 12218       4       org.gradle.internal.io.StreamByteBuffer::totalBytesUnread (52 bytes)
Event: 143.129 Thread 0x00000000177bd000 nmethod 12218 0x0000000004c36410 code [0x0000000004c36540, 0x0000000004c365f8]
Event: 143.129 Thread 0x00000000177bd000 12219       4       org.gradle.cache.internal.btree.FileBackedBlockStore::attach (21 bytes)
Event: 143.130 Thread 0x00000000177bd000 nmethod 12219 0x0000000004bb1b50 code [0x0000000004bb1c80, 0x0000000004bb1d18]
Event: 143.131 Thread 0x00000000177bd000 12220       4       org.gradle.api.internal.artifacts.ivyservice.resolveengine.artifact.ArtifactBackedResolvedVariant$SingleArtifactSet::startVisit (62 bytes)

GC Heap History (10 events):
Event: 11.040 GC heap before
{Heap before GC invocations=14 (full 2):
 PSYoungGen      total 160768K, used 86201K [0x00000000d5580000, 0x00000000e2980000, 0x0000000100000000)
  eden space 148480K, 49% used [0x00000000d5580000,0x00000000d9db3330,0x00000000de680000)
  from space 12288K, 99% used [0x00000000de680000,0x00000000df27b330,0x00000000df280000)
  to   space 17408K, 0% used [0x00000000e1880000,0x00000000e1880000,0x00000000e2980000)
 ParOldGen       total 84480K, used 26076K [0x0000000080000000, 0x0000000085280000, 0x00000000d5580000)
  object space 84480K, 30% used [0x0000000080000000,0x0000000081977388,0x0000000085280000)
 Metaspace       used 56751K, capacity 58906K, committed 59028K, reserved 1099776K
  class space    used 7664K, capacity 8117K, committed 8192K, reserved 1048576K
Event: 11.074 GC heap after
Heap after GC invocations=14 (full 2):
 PSYoungGen      total 200192K, used 8839K [0x00000000d5580000, 0x00000000e3380000, 0x0000000100000000)
  eden space 182784K, 0% used [0x00000000d5580000,0x00000000d5580000,0x00000000e0800000)
  from space 17408K, 50% used [0x00000000e1880000,0x00000000e2121f58,0x00000000e2980000)
  to   space 16896K, 0% used [0x00000000e0800000,0x00000000e0800000,0x00000000e1880000)
 ParOldGen       total 84480K, used 38197K [0x0000000080000000, 0x0000000085280000, 0x00000000d5580000)
  object space 84480K, 45% used [0x0000000080000000,0x000000008254d550,0x0000000085280000)
 Metaspace       used 56751K, capacity 58906K, committed 59028K, reserved 1099776K
  class space    used 7664K, capacity 8117K, committed 8192K, reserved 1048576K
}
Event: 11.074 GC heap before
{Heap before GC invocations=15 (full 3):
 PSYoungGen      total 200192K, used 8839K [0x00000000d5580000, 0x00000000e3380000, 0x0000000100000000)
  eden space 182784K, 0% used [0x00000000d5580000,0x00000000d5580000,0x00000000e0800000)
  from space 17408K, 50% used [0x00000000e1880000,0x00000000e2121f58,0x00000000e2980000)
  to   space 16896K, 0% used [0x00000000e0800000,0x00000000e0800000,0x00000000e1880000)
 ParOldGen       total 84480K, used 38197K [0x0000000080000000, 0x0000000085280000, 0x00000000d5580000)
  object space 84480K, 45% used [0x0000000080000000,0x000000008254d550,0x0000000085280000)
 Metaspace       used 56751K, capacity 58906K, committed 59028K, reserved 1099776K
  class space    used 7664K, capacity 8117K, committed 8192K, reserved 1048576K
Event: 11.354 GC heap after
Heap after GC invocations=15 (full 3):
 PSYoungGen      total 200192K, used 0K [0x00000000d5580000, 0x00000000e3380000, 0x0000000100000000)
  eden space 182784K, 0% used [0x00000000d5580000,0x00000000d5580000,0x00000000e0800000)
  from space 17408K, 0% used [0x00000000e1880000,0x00000000e1880000,0x00000000e2980000)
  to   space 16896K, 0% used [0x00000000e0800000,0x00000000e0800000,0x00000000e1880000)
 ParOldGen       total 133120K, used 34152K [0x0000000080000000, 0x0000000088200000, 0x00000000d5580000)
  object space 133120K, 25% used [0x0000000080000000,0x000000008215a358,0x0000000088200000)
 Metaspace       used 56736K, capacity 58858K, committed 59028K, reserved 1099776K
  class space    used 7660K, capacity 8109K, committed 8192K, reserved 1048576K
}
Event: 14.628 GC heap before
{Heap before GC invocations=16 (full 3):
 PSYoungGen      total 200192K, used 182784K [0x00000000d5580000, 0x00000000e3380000, 0x0000000100000000)
  eden space 182784K, 100% used [0x00000000d5580000,0x00000000e0800000,0x00000000e0800000)
  from space 17408K, 0% used [0x00000000e1880000,0x00000000e1880000,0x00000000e2980000)
  to   space 16896K, 0% used [0x00000000e0800000,0x00000000e0800000,0x00000000e1880000)
 ParOldGen       total 133120K, used 34152K [0x0000000080000000, 0x0000000088200000, 0x00000000d5580000)
  object space 133120K, 25% used [0x0000000080000000,0x000000008215a358,0x0000000088200000)
 Metaspace       used 66297K, capacity 69234K, committed 69592K, reserved 1110016K
  class space    used 9080K, capacity 9657K, committed 9728K, reserved 1048576K
Event: 14.668 GC heap after
Heap after GC invocations=16 (full 3):
 PSYoungGen      total 199680K, used 16889K [0x00000000d5580000, 0x00000000e5780000, 0x0000000100000000)
  eden space 182784K, 0% used [0x00000000d5580000,0x00000000d5580000,0x00000000e0800000)
  from space 16896K, 99% used [0x00000000e0800000,0x00000000e187e500,0x00000000e1880000)
  to   space 19456K, 0% used [0x00000000e4480000,0x00000000e4480000,0x00000000e5780000)
 ParOldGen       total 133120K, used 35244K [0x0000000080000000, 0x0000000088200000, 0x00000000d5580000)
  object space 133120K, 26% used [0x0000000080000000,0x000000008226b318,0x0000000088200000)
 Metaspace       used 66297K, capacity 69234K, committed 69592K, reserved 1110016K
  class space    used 9080K, capacity 9657K, committed 9728K, reserved 1048576K
}
Event: 19.769 GC heap before
{Heap before GC invocations=17 (full 3):
 PSYoungGen      total 199680K, used 199673K [0x00000000d5580000, 0x00000000e5780000, 0x0000000100000000)
  eden space 182784K, 100% used [0x00000000d5580000,0x00000000e0800000,0x00000000e0800000)
  from space 16896K, 99% used [0x00000000e0800000,0x00000000e187e500,0x00000000e1880000)
  to   space 19456K, 0% used [0x00000000e4480000,0x00000000e4480000,0x00000000e5780000)
 ParOldGen       total 133120K, used 35244K [0x0000000080000000, 0x0000000088200000, 0x00000000d5580000)
  object space 133120K, 26% used [0x0000000080000000,0x000000008226b318,0x0000000088200000)
 Metaspace       used 71665K, capacity 74718K, committed 74840K, reserved 1114112K
  class space    used 9701K, capacity 10281K, committed 10368K, reserved 1048576K
Event: 19.807 GC heap after
Heap after GC invocations=17 (full 3):
 PSYoungGen      total 236544K, used 12534K [0x00000000d5580000, 0x00000000e5380000, 0x0000000100000000)
  eden space 221184K, 0% used [0x00000000d5580000,0x00000000d5580000,0x00000000e2d80000)
  from space 15360K, 81% used [0x00000000e4480000,0x00000000e50bdb88,0x00000000e5380000)
  to   space 19456K, 0% used [0x00000000e2d80000,0x00000000e2d80000,0x00000000e4080000)
 ParOldGen       total 133120K, used 46051K [0x0000000080000000, 0x0000000088200000, 0x00000000d5580000)
  object space 133120K, 34% used [0x0000000080000000,0x0000000082cf8e40,0x0000000088200000)
 Metaspace       used 71665K, capacity 74718K, committed 74840K, reserved 1114112K
  class space    used 9701K, capacity 10281K, committed 10368K, reserved 1048576K
}
Event: 104.554 GC heap before
{Heap before GC invocations=18 (full 3):
 PSYoungGen      total 236544K, used 233718K [0x00000000d5580000, 0x00000000e5380000, 0x0000000100000000)
  eden space 221184K, 100% used [0x00000000d5580000,0x00000000e2d80000,0x00000000e2d80000)
  from space 15360K, 81% used [0x00000000e4480000,0x00000000e50bdb88,0x00000000e5380000)
  to   space 19456K, 0% used [0x00000000e2d80000,0x00000000e2d80000,0x00000000e4080000)
 ParOldGen       total 133120K, used 46051K [0x0000000080000000, 0x0000000088200000, 0x00000000d5580000)
  object space 133120K, 34% used [0x0000000080000000,0x0000000082cf8e40,0x0000000088200000)
 Metaspace       used 78701K, capacity 82010K, committed 82136K, reserved 1120256K
  class space    used 10381K, capacity 10982K, committed 11008K, reserved 1048576K
Event: 104.590 GC heap after
Heap after GC invocations=18 (full 3):
 PSYoungGen      total 240640K, used 19455K [0x00000000d5580000, 0x00000000e8080000, 0x0000000100000000)
  eden space 221184K, 0% used [0x00000000d5580000,0x00000000d5580000,0x00000000e2d80000)
  from space 19456K, 99% used [0x00000000e2d80000,0x00000000e407fd08,0x00000000e4080000)
  to   space 23552K, 0% used [0x00000000e6980000,0x00000000e6980000,0x00000000e8080000)
 ParOldGen       total 133120K, used 50495K [0x0000000080000000, 0x0000000088200000, 0x00000000d5580000)
  object space 133120K, 37% used [0x0000000080000000,0x000000008314fd90,0x0000000088200000)
 Metaspace       used 78701K, capacity 82010K, committed 82136K, reserved 1120256K
  class space    used 10381K, capacity 10982K, committed 11008K, reserved 1048576K
}

Deoptimization events (10 events):
Event: 104.591 Thread 0x0000000017799000 Uncommon trap: reason=unstable_if action=reinterpret pc=0x0000000002cb5538 method=java.lang.ref.Reference.tryHandlePending(Z)Z @ 20
Event: 105.067 Thread 0x000000001f9db800 Uncommon trap: reason=unstable_if action=reinterpret pc=0x00000000042b8d20 method=java.util.Spliterators$1Adapter.next()Ljava/lang/Object; @ 4
Event: 105.082 Thread 0x000000001f9db800 Uncommon trap: reason=bimorphic action=maybe_recompile pc=0x0000000002fc3f20 method=com.google.common.cache.LocalCache$Segment.get(Ljava/lang/Object;I)Ljava/lang/Object; @ 44
Event: 105.143 Thread 0x000000001f9df800 Uncommon trap: reason=unstable_if action=reinterpret pc=0x00000000045c8290 method=java.util.concurrent.locks.AbstractQueuedSynchronizer.acquireQueued(Ljava/util/concurrent/locks/AbstractQueuedSynchronizer$Node;I)Z @ 70
Event: 105.178 Thread 0x000000001f9d9800 Uncommon trap: reason=unstable_if action=reinterpret pc=0x00000000043f19c8 method=com.esotericsoftware.kryo.io.Input.require(I)I @ 180
Event: 125.719 Thread 0x000000001f9db800 Uncommon trap: reason=unstable_if action=reinterpret pc=0x0000000003ee3c18 method=com.google.common.collect.MapMakerInternalMap$Segment.getEntry(Ljava/lang/Object;I)Lcom/google/common/collect/MapMakerInternalMap$InternalEntry; @ 40
Event: 125.719 Thread 0x000000001f9db800 Uncommon trap: reason=unstable_if action=reinterpret pc=0x0000000003eed654 method=com.google.common.collect.MapMakerInternalMap$Segment.getEntry(Ljava/lang/Object;I)Lcom/google/common/collect/MapMakerInternalMap$InternalEntry; @ 40
Event: 125.843 Thread 0x00000000192d3000 Uncommon trap: reason=unstable_if action=reinterpret pc=0x00000000045ffe64 method=java.util.concurrent.locks.LockSupport.unpark(Ljava/lang/Thread;)V @ 1
Event: 128.415 Thread 0x000000001f9db800 Uncommon trap: reason=bimorphic action=maybe_recompile pc=0x000000000462d3ac method=java.util.HashMap.removeNode(ILjava/lang/Object;Ljava/lang/Object;ZZ)Ljava/util/HashMap$Node; @ 143
Event: 128.418 Thread 0x000000001f9db800 Uncommon trap: reason=bimorphic action=maybe_recompile pc=0x0000000002fc3f20 method=com.google.common.cache.LocalCache$Segment.get(Ljava/lang/Object;I)Ljava/lang/Object; @ 44

Classes redefined (0 events):
No events

Internal exceptions (10 events):
Event: 27.679 Thread 0x000000001b0d6000 Exception <a 'java/lang/NoSuchMethodError': <clinit>> (0x00000000da678260) thrown at [C:\src\AOSP-openjdk-git\hotspot\src\share\vm\prims\jni.cpp, line 1615]
Event: 101.960 Thread 0x000000001f9db800 Implicit null exception at 0x0000000004608184 to 0x000000000460c335
Event: 102.497 Thread 0x000000001f9db800 Implicit null exception at 0x00000000039365b3 to 0x0000000003936dbd
Event: 102.509 Thread 0x000000001f9db800 Exception <a 'sun/nio/fs/WindowsException'> (0x00000000de1eb0a8) thrown at [C:\src\AOSP-openjdk-git\hotspot\src\share\vm\prims\jni.cpp, line 710]
Event: 104.732 Thread 0x000000001a799800 JVM_StopThread thread JavaThread 0x0000000000000000 as oop 0x00000000d5bacdb8 [exception 0x000000002b8caaa0]
Event: 104.798 Thread 0x000000001a799800 JVM_StopThread thread JavaThread 0x00000000192d1000 as oop 0x00000000d5bd27d0 [exception 0x000000002b8caaa0]
Event: 105.029 Thread 0x000000001a799800 Exception <a 'java/lang/reflect/InvocationTargetException'> (0x00000000d5c8ef20) thrown at [C:\src\AOSP-openjdk-git\hotspot\src\share\vm\runtime\reflection.cpp, line 1092]
Event: 124.898 Thread 0x000000001f9db800 Exception <a 'sun/nio/fs/WindowsException'> (0x00000000d87cf800) thrown at [C:\src\AOSP-openjdk-git\hotspot\src\share\vm\prims\jni.cpp, line 710]
Event: 125.719 Thread 0x000000001f9db800 Implicit null exception at 0x0000000003ee3783 to 0x0000000003ee3bf5
Event: 128.363 Thread 0x000000001f9db800 Exception <a 'java/lang/reflect/InvocationTargetException'> (0x00000000dd243348) thrown at [C:\src\AOSP-openjdk-git\hotspot\src\share\vm\runtime\reflection.cpp, line 1092]

Events (10 events):
Event: 142.769 Thread 0x00000000192d7800 Thread added: 0x00000000192d7800
Event: 142.773 Thread 0x00000000192d1800 Thread added: 0x00000000192d1800
Event: 143.040 Thread 0x00000000192dd000 Thread added: 0x00000000192dd000
Event: 143.040 Thread 0x00000000192d9000 Thread added: 0x00000000192d9000
Event: 143.040 Thread 0x00000000192d6000 Thread added: 0x00000000192d6000
Event: 143.041 Thread 0x00000000192e0000 Thread added: 0x00000000192e0000
Event: 143.082 Executing VM operation: RevokeBias
Event: 143.082 Executing VM operation: RevokeBias done
Event: 143.083 Executing VM operation: RevokeBias
Event: 143.086 Executing VM operation: RevokeBias done


Dynamic libraries:
0x00007ff77f1d0000 - 0x00007ff77f201000 	C:\Program Files\Android\Android Studio1\jre\bin\java.exe
0x00007ff937410000 - 0x00007ff937606000 	C:\Windows\SYSTEM32\ntdll.dll
0x00007ff935840000 - 0x00007ff9358fd000 	C:\Windows\System32\KERNEL32.DLL
0x00007ff935040000 - 0x00007ff935309000 	C:\Windows\System32\KERNELBASE.dll
0x00007ff935e10000 - 0x00007ff935ebc000 	C:\Windows\System32\ADVAPI32.dll
0x00007ff936ec0000 - 0x00007ff936f5e000 	C:\Windows\System32\msvcrt.dll
0x00007ff936190000 - 0x00007ff93622c000 	C:\Windows\System32\sechost.dll
0x00007ff936420000 - 0x00007ff93654b000 	C:\Windows\System32\RPCRT4.dll
0x00007ff935ff0000 - 0x00007ff936190000 	C:\Windows\System32\USER32.dll
0x00007ff934cf0000 - 0x00007ff934d12000 	C:\Windows\System32\win32u.dll
0x00007ff935ec0000 - 0x00007ff935eea000 	C:\Windows\System32\GDI32.dll
0x00007ff934f30000 - 0x00007ff93503b000 	C:\Windows\System32\gdi32full.dll
0x00007ff934b50000 - 0x00007ff934bed000 	C:\Windows\System32\msvcp_win.dll
0x00007ff934bf0000 - 0x00007ff934cf0000 	C:\Windows\System32\ucrtbase.dll
0x00007ff922860000 - 0x00007ff922afb000 	C:\Windows\WinSxS\amd64_microsoft.windows.common-controls_6595b64144ccf1df_6.0.19041.746_none_ca02b4b61b8320a4\COMCTL32.dll
0x00007ff935fc0000 - 0x00007ff935ff0000 	C:\Windows\System32\IMM32.DLL
0x00000000724a0000 - 0x0000000072572000 	C:\Program Files\Android\Android Studio1\jre\jre\bin\msvcr100.dll
0x0000000072fe0000 - 0x000000007382b000 	C:\Program Files\Android\Android Studio1\jre\jre\bin\server\jvm.dll
0x00007ff936630000 - 0x00007ff936638000 	C:\Windows\System32\PSAPI.DLL
0x00007ff92b780000 - 0x00007ff92b78a000 	C:\Windows\SYSTEM32\VERSION.dll
0x00007ff925380000 - 0x00007ff9253a7000 	C:\Windows\SYSTEM32\WINMM.dll
0x00007ff92e1c0000 - 0x00007ff92e1c9000 	C:\Windows\SYSTEM32\WSOCK32.dll
0x00007ff935ef0000 - 0x00007ff935f5b000 	C:\Windows\System32\ws2_32.DLL
0x00007ff91dca0000 - 0x00007ff91dcaf000 	C:\Program Files\Android\Android Studio1\jre\jre\bin\verify.dll
0x00007ff912f10000 - 0x00007ff912f39000 	C:\Program Files\Android\Android Studio1\jre\jre\bin\java.dll
0x00007ff901f80000 - 0x00007ff901f96000 	C:\Program Files\Android\Android Studio1\jre\jre\bin\zip.dll
0x00007ff936770000 - 0x00007ff936eb3000 	C:\Windows\System32\SHELL32.dll
0x00007ff932cb0000 - 0x00007ff93343f000 	C:\Windows\SYSTEM32\windows.storage.dll
0x00007ff935900000 - 0x00007ff935c56000 	C:\Windows\System32\combase.dll
0x00007ff9345b0000 - 0x00007ff9345dc000 	C:\Windows\SYSTEM32\Wldp.dll
0x00007ff9354f0000 - 0x00007ff93559e000 	C:\Windows\System32\SHCORE.dll
0x00007ff9355a0000 - 0x00007ff9355f5000 	C:\Windows\System32\shlwapi.dll
0x00007ff934a80000 - 0x00007ff934aa6000 	C:\Windows\SYSTEM32\profapi.dll
0x00007ff901f60000 - 0x00007ff901f7a000 	C:\Program Files\Android\Android Studio1\jre\jre\bin\net.dll
0x00007ff934330000 - 0x00007ff93439a000 	C:\Windows\system32\mswsock.dll
0x00007ff901f40000 - 0x00007ff901f53000 	C:\Program Files\Android\Android Studio1\jre\jre\bin\nio.dll
0x00007ff92fa50000 - 0x00007ff92fa77000 	C:\Users\TOSHIBA\.gradle\native\f6784746aeab05261644944871eae4fe03e0ef1612fff0a4a95f87b438bc6780\windows-amd64\native-platform.dll
0x00007ff9132b0000 - 0x00007ff9132bd000 	C:\Program Files\Android\Android Studio1\jre\jre\bin\management.dll
0x00007ff934510000 - 0x00007ff934528000 	C:\Windows\SYSTEM32\CRYPTSP.dll
0x00007ff933c60000 - 0x00007ff933c94000 	C:\Windows\system32\rsaenh.dll
0x00007ff934e50000 - 0x00007ff934e77000 	C:\Windows\System32\bcrypt.dll
0x00007ff934a00000 - 0x00007ff934a2e000 	C:\Windows\SYSTEM32\USERENV.dll
0x00007ff934d20000 - 0x00007ff934da0000 	C:\Windows\System32\bcryptprimitives.dll
0x00007ff934500000 - 0x00007ff93450c000 	C:\Windows\SYSTEM32\CRYPTBASE.dll
0x00007ff933fd0000 - 0x00007ff93400b000 	C:\Windows\SYSTEM32\IPHLPAPI.DLL
0x00007ff9357b0000 - 0x00007ff9357b8000 	C:\Windows\System32\NSI.dll
0x00007ff92b810000 - 0x00007ff92b827000 	C:\Windows\SYSTEM32\dhcpcsvc6.DLL
0x00007ff92d2a0000 - 0x00007ff92d2bd000 	C:\Windows\SYSTEM32\dhcpcsvc.DLL
0x00007ff934010000 - 0x00007ff9340db000 	C:\Windows\SYSTEM32\DNSAPI.dll
0x00007ff92d710000 - 0x00007ff92d71b000 	C:\Windows\SYSTEM32\WINNSI.DLL
0x00007ff92fa30000 - 0x00007ff92fa4e000 	C:\Users\TOSHIBA\AppData\Local\Temp\native-platform5195237242953906405dir\native-platform.dll

VM Arguments:
jvm_args: -Xmx2048m -Dfile.encoding=UTF-8 -Duser.country=US -Duser.language=en -Duser.variant 
java_command: org.gradle.launcher.daemon.bootstrap.GradleDaemon 6.5
java_class_path (initial): C:\Users\TOSHIBA\.gradle\wrapper\dists\gradle-6.5-bin\6nifqtx7604sqp1q6g8wikw7p\gradle-6.5\lib\gradle-launcher-6.5.jar
Launcher Type: SUN_STANDARD

Environment Variables:
PATH=C:\Windows\system32;C:\Windows;C:\Windows\System32\Wbem;C:\Windows\System32\WindowsPowerShell\v1.0\;C:\Windows\System32\OpenSSH\;D:\Program Files\Git\cmd;C:\Users\TOSHIBA\AppData\Local\Microsoft\WindowsApps;C:\Users\TOSHIBA\AppData\Local\Programs\Microsoft VS Code\bin;C:\Users\TOSHIBA\AppData\Local\GitHubDesktop\bin;C:\ProgramData\TOSHIBA\GitHubDesktop\bin;C:\wamp64\bin\php\php5.6.35;C:\Users\TOSHIBA\composer;C:\Users\TOSHIBA\AppData\Roaming\Composer\vendor\bin
USERNAME=TOSHIBA
OS=Windows_NT
PROCESSOR_IDENTIFIER=Intel64 Family 6 Model 69 Stepping 1, GenuineIntel



---------------  S Y S T E M  ---------------

OS: Windows 10.0 , 64 bit Build 19041 (10.0.19041.662)

CPU:total 4 (initial active 4) (2 cores per cpu, 2 threads per core) family 6 model 69 stepping 1, cmov, cx8, fxsr, mmx, sse, sse2, sse3, ssse3, sse4.1, sse4.2, popcnt, avx, avx2, aes, clmul, erms, lzcnt, ht, tsc, tscinvbit, bmi1, bmi2

Memory: 4k page, physical 8312048k(286156k free), swap 33477872k(64k free)

vm_info: OpenJDK 64-Bit Server VM (25.242-b01) for windows-amd64 JRE (1.8.0_242-release-1644-b01), built by "builder" with MS VC++ 10.0 (VS2010)

time: Tue Jan 26 13:48:32 2021
timezone: Turkey Standard Time
elapsed time: 143 seconds (0d 0h 2m 23s)

