#
# There is insufficient memory for the Java Runtime Environment to continue.
# Native memory allocation (malloc) failed to allocate 1549424 bytes for Chunk::new
# Possible reasons:
#   The system is out of physical RAM or swap space
#   The process is running with CompressedOops enabled, and the Java Heap may be blocking the growth of the native heap
# Possible solutions:
#   Reduce memory load on the system
#   Increase physical memory or swap space
#   Check if swap backing store is full
#   Decrease Java heap size (-Xmx/-Xms)
#   Decrease number of Java threads
#   Decrease Java thread stack sizes (-Xss)
#   Set larger code cache with -XX:ReservedCodeCacheSize=
#   JVM is running with Unscaled Compressed Oops mode in which the Java heap is
#     placed in the first 4GB address space. The Java Heap base address is the
#     maximum limit for the native heap growth. Please use -XX:HeapBaseMinAddress
#     to set the Java Heap base and to place the Java Heap above 4GB virtual address.
# This output file may be truncated or incomplete.
#
#  Out of Memory Error (allocation.cpp:389), pid=16204, tid=0x00000000000049e0
#
# JRE version: OpenJDK Runtime Environment (8.0_242-b01) (build 1.8.0_242-release-1644-b01)
# Java VM: OpenJDK 64-Bit Server VM (25.242-b01 mixed mode windows-amd64 compressed oops)
# Failed to write core dump. Minidumps are not enabled by default on client versions of Windows
#

---------------  T H R E A D  ---------------

Current thread (0x00000000175bb800):  JavaThread "C2 CompilerThread1" daemon [_thread_in_native, id=18912, stack(0x0000000018d20000,0x0000000018e20000)]

Stack: [0x0000000018d20000,0x0000000018e20000]
[error occurred during error reporting (printing stack bounds), id 0xc0000005]

Native frames: (J=compiled Java code, j=interpreted, Vv=VM code, C=native code)


Current CompileTask:
C2: 160425 13985       4       org.gradle.internal.component.model.ComponentAttributeMatcher::match (259 bytes)


---------------  P R O C E S S  ---------------

Java Threads: ( => current thread )
  0x0000000019c7d800 JavaThread "Cache worker for execution history cache (C:\Users\TOSHIBA\AndroidStudioProjects\Kotlin\RwadCodingAcdemy\ToDoList\.gradle\6.5\executionHistory)" [_thread_blocked, id=17480, stack(0x000000002df00000,0x000000002e000000)]
  0x0000000019c82000 JavaThread "Execution worker for ':' Thread 3" [_thread_blocked, id=17420, stack(0x000000002de00000,0x000000002df00000)]
  0x0000000019c80800 JavaThread "Execution worker for ':' Thread 2" [_thread_blocked, id=9708, stack(0x000000002dd00000,0x000000002de00000)]
  0x0000000019c7b000 JavaThread "Execution worker for ':'" [_thread_blocked, id=3896, stack(0x000000002c5c0000,0x000000002c6c0000)]
  0x0000000020ac2800 JavaThread "Cache worker for file content cache (C:\Users\TOSHIBA\AndroidStudioProjects\Kotlin\RwadCodingAcdemy\ToDoList\.gradle\6.5\fileContent)" [_thread_blocked, id=14768, stack(0x000000002adb0000,0x000000002aeb0000)]
  0x0000000020ac1000 JavaThread "Cache worker for Build Output Cleanup Cache (C:\Users\TOSHIBA\AndroidStudioProjects\Kotlin\RwadCodingAcdemy\ToDoList\.gradle\buildOutputCleanup)" [_thread_blocked, id=12480, stack(0x00000000296b0000,0x00000000297b0000)]
  0x0000000020abc800 JavaThread "Build operations Thread 4" [_thread_blocked, id=16152, stack(0x00000000221b0000,0x00000000222b0000)]
  0x0000000020abf000 JavaThread "Build operations Thread 3" [_thread_blocked, id=17964, stack(0x00000000220b0000,0x00000000221b0000)]
  0x0000000020abd800 JavaThread "Build operations Thread 2" [_thread_blocked, id=18380, stack(0x0000000021fb0000,0x00000000220b0000)]
  0x0000000020ac2000 JavaThread "Build operations" [_thread_blocked, id=18116, stack(0x00000000217b0000,0x00000000218b0000)]
  0x0000000020abc000 JavaThread "Cache worker for cache directory md-rule (C:\Users\TOSHIBA\.gradle\caches\6.5\md-rule)" [_thread_blocked, id=3612, stack(0x000000001d0b0000,0x000000001d1b0000)]
  0x0000000020abf800 JavaThread "Cache worker for cache directory md-supplier (C:\Users\TOSHIBA\.gradle\caches\6.5\md-supplier)" [_thread_blocked, id=18128, stack(0x000000001cfb0000,0x000000001d0b0000)]
  0x0000000020abe000 JavaThread "Cache worker for checksums cache (C:\Users\TOSHIBA\AndroidStudioProjects\Kotlin\RwadCodingAcdemy\ToDoList\.gradle\checksums)" [_thread_blocked, id=17520, stack(0x000000001ceb0000,0x000000001cfb0000)]
  0x0000000020ac0800 JavaThread "Cache worker for file hash cache (C:\Users\TOSHIBA\AndroidStudioProjects\Kotlin\RwadCodingAcdemy\ToDoList\.gradle\6.5\fileHashes)" [_thread_blocked, id=4200, stack(0x000000001cdb0000,0x000000001ceb0000)]
  0x0000000020ab4800 JavaThread "Thread-284" [_thread_blocked, id=17588, stack(0x000000001ccb0000,0x000000001cdb0000)]
  0x0000000020ab9800 JavaThread "Stdin handler" [_thread_blocked, id=11948, stack(0x000000001cbb0000,0x000000001ccb0000)]
  0x0000000020ab8000 JavaThread "Asynchronous log dispatcher for DefaultDaemonConnection: socket connection from /127.0.0.1:9789 to /127.0.0.1:9827" [_thread_blocked, id=10076, stack(0x000000001cab0000,0x000000001cbb0000)]
  0x0000000020ab7800 JavaThread "Cancel handler" [_thread_blocked, id=8472, stack(0x000000001c370000,0x000000001c470000)]
  0x0000000020abb000 JavaThread "Handler for socket connection from /127.0.0.1:9789 to /127.0.0.1:9827" [_thread_in_native, id=12088, stack(0x0000000000e80000,0x0000000000f80000)]
  0x0000000020ab6800 JavaThread "jar transforms Thread 226" [_thread_blocked, id=7444, stack(0x00000000293b0000,0x00000000294b0000)]
  0x0000000020ab5000 JavaThread "jar transforms Thread 225" [_thread_blocked, id=16616, stack(0x00000000292b0000,0x00000000293b0000)]
  0x0000000020aba800 JavaThread "jar transforms Thread 224" [_thread_blocked, id=4108, stack(0x00000000291b0000,0x00000000292b0000)]
  0x0000000020ab9000 JavaThread "jar transforms Thread 223" [_thread_blocked, id=5684, stack(0x00000000290b0000,0x00000000291b0000)]
  0x0000000020ab3800 JavaThread "jar transforms Thread 222" [_thread_blocked, id=19096, stack(0x0000000028fb0000,0x00000000290b0000)]
  0x000000001a029800 JavaThread "jar transforms Thread 221" [_thread_blocked, id=12044, stack(0x0000000028eb0000,0x0000000028fb0000)]
  0x000000001a02b800 JavaThread "jar transforms Thread 220" [_thread_blocked, id=7964, stack(0x0000000028db0000,0x0000000028eb0000)]
  0x000000001a02b000 JavaThread "jar transforms Thread 219" [_thread_blocked, id=14644, stack(0x0000000028cb0000,0x0000000028db0000)]
  0x000000001a02e800 JavaThread "jar transforms Thread 218" [_thread_blocked, id=11860, stack(0x0000000028bb0000,0x0000000028cb0000)]
  0x000000001a02e000 JavaThread "jar transforms Thread 217" [_thread_blocked, id=17404, stack(0x0000000028ab0000,0x0000000028bb0000)]
  0x000000001a028800 JavaThread "jar transforms Thread 216" [_thread_blocked, id=15184, stack(0x00000000289b0000,0x0000000028ab0000)]
  0x000000001a02c800 JavaThread "jar transforms Thread 215" [_thread_blocked, id=15056, stack(0x00000000288b0000,0x00000000289b0000)]
  0x000000001a02a000 JavaThread "jar transforms Thread 214" [_thread_blocked, id=16364, stack(0x00000000287b0000,0x00000000288b0000)]
  0x000000001a028000 JavaThread "jar transforms Thread 213" [_thread_blocked, id=18536, stack(0x00000000286b0000,0x00000000287b0000)]
  0x000000001a027000 JavaThread "jar transforms Thread 212" [_thread_blocked, id=16108, stack(0x00000000285b0000,0x00000000286b0000)]
  0x000000001a02d000 JavaThread "jar transforms Thread 211" [_thread_blocked, id=16400, stack(0x00000000284b0000,0x00000000285b0000)]
  0x000000001a01f800 JavaThread "jar transforms Thread 210" [_thread_blocked, id=13644, stack(0x00000000283b0000,0x00000000284b0000)]
  0x000000001a022000 JavaThread "jar transforms Thread 209" [_thread_blocked, id=19168, stack(0x00000000282b0000,0x00000000283b0000)]
  0x000000001a025800 JavaThread "jar transforms Thread 208" [_thread_blocked, id=19012, stack(0x00000000281b0000,0x00000000282b0000)]
  0x000000001a025000 JavaThread "jar transforms Thread 207" [_thread_blocked, id=19372, stack(0x00000000280b0000,0x00000000281b0000)]
  0x000000001a024000 JavaThread "jar transforms Thread 206" [_thread_blocked, id=14060, stack(0x0000000027fb0000,0x00000000280b0000)]
  0x000000001a026800 JavaThread "jar transforms Thread 205" [_thread_blocked, id=18520, stack(0x0000000027eb0000,0x0000000027fb0000)]
  0x000000001a021000 JavaThread "jar transforms Thread 204" [_thread_blocked, id=18652, stack(0x0000000027db0000,0x0000000027eb0000)]
  0x000000001a022800 JavaThread "jar transforms Thread 203" [_thread_blocked, id=18528, stack(0x0000000027cb0000,0x0000000027db0000)]
  0x000000001a023800 JavaThread "jar transforms Thread 202" [_thread_blocked, id=18692, stack(0x0000000027bb0000,0x0000000027cb0000)]
  0x000000001a020800 JavaThread "jar transforms Thread 201" [_thread_blocked, id=18744, stack(0x0000000027ab0000,0x0000000027bb0000)]
  0x000000001dbe7800 JavaThread "jar transforms Thread 200" [_thread_blocked, id=18748, stack(0x00000000279b0000,0x0000000027ab0000)]
  0x000000001dbe6000 JavaThread "jar transforms Thread 199" [_thread_blocked, id=15976, stack(0x00000000278b0000,0x00000000279b0000)]
  0x000000001dbe5000 JavaThread "jar transforms Thread 198" [_thread_blocked, id=17664, stack(0x00000000277b0000,0x00000000278b0000)]
  0x000000001dbe9800 JavaThread "jar transforms Thread 197" [_thread_blocked, id=9440, stack(0x00000000276b0000,0x00000000277b0000)]
  0x000000001dbe4800 JavaThread "jar transforms Thread 196" [_thread_blocked, id=17448, stack(0x00000000275b0000,0x00000000276b0000)]
  0x000000001dbe9000 JavaThread "jar transforms Thread 195" [_thread_blocked, id=10000, stack(0x00000000274b0000,0x00000000275b0000)]
  0x000000001dbea800 JavaThread "jar transforms Thread 194" [_thread_blocked, id=18596, stack(0x00000000273b0000,0x00000000274b0000)]
  0x000000001dbe6800 JavaThread "jar transforms Thread 193" [_thread_blocked, id=19432, stack(0x00000000272b0000,0x00000000273b0000)]
  0x000000001dbe8000 JavaThread "jar transforms Thread 192" [_thread_blocked, id=8684, stack(0x00000000271b0000,0x00000000272b0000)]
  0x000000001dbdd000 JavaThread "jar transforms Thread 191" [_thread_blocked, id=18324, stack(0x00000000270b0000,0x00000000271b0000)]
  0x000000001dbe3800 JavaThread "jar transforms Thread 190" [_thread_blocked, id=18492, stack(0x0000000026fb0000,0x00000000270b0000)]
  0x000000001dbe3000 JavaThread "jar transforms Thread 189" [_thread_blocked, id=18632, stack(0x0000000026eb0000,0x0000000026fb0000)]
  0x000000001dbe2000 JavaThread "jar transforms Thread 188" [_thread_blocked, id=19176, stack(0x0000000026db0000,0x0000000026eb0000)]
  0x000000001dbe0800 JavaThread "jar transforms Thread 187" [_thread_blocked, id=18796, stack(0x0000000026cb0000,0x0000000026db0000)]
  0x000000001dbde800 JavaThread "jar transforms Thread 186" [_thread_blocked, id=15264, stack(0x0000000026bb0000,0x0000000026cb0000)]
  0x000000001dbe0000 JavaThread "jar transforms Thread 185" [_thread_blocked, id=4596, stack(0x0000000026ab0000,0x0000000026bb0000)]
  0x000000001dbdd800 JavaThread "jar transforms Thread 184" [_thread_blocked, id=18232, stack(0x00000000269b0000,0x0000000026ab0000)]
  0x000000001dbdf000 JavaThread "jar transforms Thread 183" [_thread_blocked, id=18808, stack(0x00000000268b0000,0x00000000269b0000)]
  0x000000001dbdc000 JavaThread "jar transforms Thread 182" [_thread_blocked, id=5256, stack(0x00000000267b0000,0x00000000268b0000)]
  0x000000001dbdb800 JavaThread "jar transforms Thread 181" [_thread_blocked, id=9772, stack(0x00000000266b0000,0x00000000267b0000)]
  0x000000001dbe1800 JavaThread "jar transforms Thread 180" [_thread_blocked, id=18792, stack(0x00000000265b0000,0x00000000266b0000)]
  0x0000000019193800 JavaThread "jar transforms Thread 179" [_thread_blocked, id=16124, stack(0x00000000264b0000,0x00000000265b0000)]
  0x0000000019192800 JavaThread "jar transforms Thread 178" [_thread_blocked, id=18216, stack(0x00000000263b0000,0x00000000264b0000)]
  0x0000000019192000 JavaThread "jar transforms Thread 177" [_thread_blocked, id=18496, stack(0x00000000262b0000,0x00000000263b0000)]
  0x0000000019191000 JavaThread "jar transforms Thread 176" [_thread_blocked, id=18708, stack(0x00000000261b0000,0x00000000262b0000)]
  0x0000000019190800 JavaThread "jar transforms Thread 175" [_thread_blocked, id=18600, stack(0x00000000260b0000,0x00000000261b0000)]
  0x0000000019189000 JavaThread "jar transforms Thread 174" [_thread_blocked, id=18060, stack(0x0000000025fb0000,0x00000000260b0000)]
  0x000000001918b000 JavaThread "jar transforms Thread 173" [_thread_blocked, id=19356, stack(0x0000000025eb0000,0x0000000025fb0000)]
  0x000000001918f800 JavaThread "jar transforms Thread 172" [_thread_blocked, id=16868, stack(0x0000000025db0000,0x0000000025eb0000)]
  0x000000001918f000 JavaThread "jar transforms Thread 171" [_thread_blocked, id=18308, stack(0x0000000025cb0000,0x0000000025db0000)]
  0x000000001918a800 JavaThread "jar transforms Thread 170" [_thread_blocked, id=18604, stack(0x0000000025bb0000,0x0000000025cb0000)]
  0x0000000019187800 JavaThread "jar transforms Thread 169" [_thread_blocked, id=16272, stack(0x0000000025ab0000,0x0000000025bb0000)]
  0x0000000019188000 JavaThread "jar transforms Thread 168" [_thread_blocked, id=19316, stack(0x00000000259b0000,0x0000000025ab0000)]
  0x0000000019189800 JavaThread "jar transforms Thread 167" [_thread_blocked, id=19320, stack(0x00000000258b0000,0x00000000259b0000)]
  0x000000001918e000 JavaThread "jar transforms Thread 166" [_thread_blocked, id=19324, stack(0x00000000257b0000,0x00000000258b0000)]
  0x0000000019186800 JavaThread "jar transforms Thread 165" [_thread_blocked, id=18608, stack(0x00000000256b0000,0x00000000257b0000)]
  0x000000001918d800 JavaThread "jar transforms Thread 164" [_thread_blocked, id=12280, stack(0x00000000255b0000,0x00000000256b0000)]
  0x0000000019186000 JavaThread "jar transforms Thread 163" [_thread_blocked, id=18316, stack(0x00000000254b0000,0x00000000255b0000)]
  0x000000001918c000 JavaThread "jar transforms Thread 162" [_thread_blocked, id=3824, stack(0x00000000253b0000,0x00000000254b0000)]
  0x000000001918c800 JavaThread "jar transforms Thread 161" [_thread_blocked, id=10700, stack(0x00000000252b0000,0x00000000253b0000)]
  0x0000000019185000 JavaThread "jar transforms Thread 160" [_thread_blocked, id=13412, stack(0x00000000251b0000,0x00000000252b0000)]
  0x0000000019184800 JavaThread "jar transforms Thread 159" [_thread_blocked, id=6368, stack(0x00000000250b0000,0x00000000251b0000)]
  0x000000001b4e8000 JavaThread "jar transforms Thread 158" [_thread_blocked, id=14912, stack(0x0000000024fb0000,0x00000000250b0000)]
  0x000000001b4e5800 JavaThread "jar transforms Thread 157" [_thread_blocked, id=17848, stack(0x0000000024eb0000,0x0000000024fb0000)]
  0x000000001b4e5000 JavaThread "jar transforms Thread 156" [_thread_blocked, id=10144, stack(0x0000000024db0000,0x0000000024eb0000)]
  0x000000001b4e6800 JavaThread "jar transforms Thread 155" [_thread_blocked, id=16120, stack(0x0000000024cb0000,0x0000000024db0000)]
  0x000000001b4e3800 JavaThread "jar transforms Thread 154" [_thread_blocked, id=18352, stack(0x0000000024bb0000,0x0000000024cb0000)]
  0x00000000199f3800 JavaThread "jar transforms Thread 153" [_thread_blocked, id=18368, stack(0x0000000024ab0000,0x0000000024bb0000)]
  0x00000000199f3000 JavaThread "jar transforms Thread 152" [_thread_blocked, id=18592, stack(0x00000000249b0000,0x0000000024ab0000)]
  0x00000000199f5000 JavaThread "jar transforms Thread 151" [_thread_blocked, id=18556, stack(0x00000000248b0000,0x00000000249b0000)]
  0x00000000199f6000 JavaThread "jar transforms Thread 150" [_thread_blocked, id=10972, stack(0x00000000247b0000,0x00000000248b0000)]
  0x00000000199f4800 JavaThread "jar transforms Thread 149" [_thread_blocked, id=10028, stack(0x00000000246b0000,0x00000000247b0000)]
  0x00000000199f1800 JavaThread "jar transforms Thread 148" [_thread_blocked, id=17860, stack(0x00000000245b0000,0x00000000246b0000)]
  0x00000000199f0800 JavaThread "jar transforms Thread 147" [_thread_blocked, id=18552, stack(0x00000000244b0000,0x00000000245b0000)]
  0x00000000199f2000 JavaThread "jar transforms Thread 146" [_thread_blocked, id=18500, stack(0x00000000243b0000,0x00000000244b0000)]
  0x00000000199e9800 JavaThread "jar transforms Thread 145" [_thread_blocked, id=18532, stack(0x00000000242b0000,0x00000000243b0000)]
  0x00000000199ef800 JavaThread "jar transforms Thread 144" [_thread_blocked, id=15524, stack(0x00000000241b0000,0x00000000242b0000)]
  0x00000000199ec000 JavaThread "jar transforms Thread 143" [_thread_blocked, id=18540, stack(0x00000000240b0000,0x00000000241b0000)]
  0x00000000199ef000 JavaThread "jar transforms Thread 142" [_thread_blocked, id=18548, stack(0x0000000023fb0000,0x00000000240b0000)]
  0x00000000199e7800 JavaThread "jar transforms Thread 141" [_thread_blocked, id=18544, stack(0x0000000023eb0000,0x0000000023fb0000)]
  0x00000000199eb000 JavaThread "jar transforms Thread 140" [_thread_blocked, id=18572, stack(0x0000000023db0000,0x0000000023eb0000)]
  0x00000000199ec800 JavaThread "jar transforms Thread 139" [_thread_blocked, id=18568, stack(0x0000000023cb0000,0x0000000023db0000)]
  0x00000000199e9000 JavaThread "jar transforms Thread 138" [_thread_blocked, id=18564, stack(0x0000000023bb0000,0x0000000023cb0000)]
  0x00000000199e8000 JavaThread "jar transforms Thread 137" [_thread_blocked, id=18560, stack(0x0000000023ab0000,0x0000000023bb0000)]
  0x000000001f2d6800 JavaThread "jar transforms Thread 136" [_thread_blocked, id=17832, stack(0x00000000239b0000,0x0000000023ab0000)]
  0x000000001f2d4000 JavaThread "jar transforms Thread 135" [_thread_blocked, id=7412, stack(0x00000000238b0000,0x00000000239b0000)]
  0x000000001f2d3800 JavaThread "jar transforms Thread 134" [_thread_blocked, id=3304, stack(0x00000000237b0000,0x00000000238b0000)]
  0x000000001f2d2800 JavaThread "jar transforms Thread 133" [_thread_blocked, id=18676, stack(0x00000000236b0000,0x00000000237b0000)]
  0x000000001f2d5800 JavaThread "jar transforms Thread 132" [_thread_blocked, id=15956, stack(0x00000000235b0000,0x00000000236b0000)]
  0x000000001f2d5000 JavaThread "jar transforms Thread 131" [_thread_blocked, id=18992, stack(0x00000000234b0000,0x00000000235b0000)]
  0x000000001f2cb000 JavaThread "jar transforms Thread 130" [_thread_blocked, id=18996, stack(0x00000000233b0000,0x00000000234b0000)]
  0x000000001f2d1800 JavaThread "jar transforms Thread 129" [_thread_blocked, id=18780, stack(0x00000000232b0000,0x00000000233b0000)]
  0x000000001f2ca000 JavaThread "jar transforms Thread 128" [_thread_blocked, id=19004, stack(0x00000000231b0000,0x00000000232b0000)]
  0x000000001f2d1000 JavaThread "jar transforms Thread 127" [_thread_blocked, id=18772, stack(0x00000000230b0000,0x00000000231b0000)]
  0x000000001f2c9800 JavaThread "jar transforms Thread 126" [_thread_blocked, id=18988, stack(0x0000000022fb0000,0x00000000230b0000)]
  0x000000001f2d0000 JavaThread "jar transforms Thread 125" [_thread_blocked, id=18776, stack(0x0000000022db0000,0x0000000022eb0000)]
  0x000000001f2cb800 JavaThread "jar transforms Thread 124" [_thread_blocked, id=19000, stack(0x0000000022cb0000,0x0000000022db0000)]
  0x000000001f2c8800 JavaThread "jar transforms Thread 123" [_thread_blocked, id=18764, stack(0x0000000022bb0000,0x0000000022cb0000)]
  0x000000001f2cf800 JavaThread "jar transforms Thread 122" [_thread_blocked, id=15384, stack(0x0000000022ab0000,0x0000000022bb0000)]
  0x000000001f2cc800 JavaThread "jar transforms Thread 121" [_thread_blocked, id=18672, stack(0x00000000229b0000,0x0000000022ab0000)]
  0x000000001f2ce800 JavaThread "jar transforms Thread 120" [_thread_blocked, id=17676, stack(0x00000000228b0000,0x00000000229b0000)]
  0x000000001f2c7000 JavaThread "jar transforms Thread 119" [_thread_blocked, id=16304, stack(0x00000000227b0000,0x00000000228b0000)]
  0x000000001f2cd000 JavaThread "jar transforms Thread 118" [_thread_blocked, id=8124, stack(0x00000000226b0000,0x00000000227b0000)]
  0x0000000019c83800 JavaThread "jar transforms Thread 117" [_thread_blocked, id=7076, stack(0x00000000225b0000,0x00000000226b0000)]
  0x0000000019c85000 JavaThread "jar transforms Thread 116" [_thread_blocked, id=18752, stack(0x00000000224b0000,0x00000000225b0000)]
  0x0000000019c85800 JavaThread "jar transforms Thread 115" [_thread_blocked, id=6296, stack(0x00000000223b0000,0x00000000224b0000)]
  0x0000000019c89800 JavaThread "jar transforms Thread 114" [_thread_blocked, id=18952, stack(0x00000000222b0000,0x00000000223b0000)]
  0x0000000019c7a800 JavaThread "Daemon worker Thread 2" [_thread_blocked, id=18700, stack(0x000000001c470000,0x000000001c570000)]
  0x0000000019c7e000 JavaThread "Daemon Thread 2" [_thread_blocked, id=18960, stack(0x0000000000d80000,0x0000000000e80000)]
  0x0000000019c87000 JavaThread "Memory manager" [_thread_blocked, id=18524, stack(0x000000002a9b0000,0x000000002aab0000)]
  0x000000001b4e8800 JavaThread "Cache worker for file content cache (C:\Users\TOSHIBA\.gradle\caches\6.5\fileContent)" [_thread_blocked, id=18364, stack(0x00000000218b0000,0x00000000219b0000)]
  0x000000001b4e7000 JavaThread "Cache worker for execution history cache (C:\Users\TOSHIBA\.gradle\caches\6.5\executionHistory)" [_thread_blocked, id=17624, stack(0x00000000210b0000,0x00000000211b0000)]
  0x000000001b4e4000 JavaThread "Cache worker for file hash cache (C:\Users\TOSHIBA\.gradle\caches\6.5\fileHashes)" [_thread_blocked, id=18148, stack(0x000000001d5b0000,0x000000001d6b0000)]
  0x000000001b4e2800 JavaThread "File lock request listener" [_thread_in_native, id=18180, stack(0x000000001d4b0000,0x000000001d5b0000)]
  0x000000001b339000 JavaThread "Cache worker for journal cache (C:\Users\TOSHIBA\.gradle\caches\journal-1)" [_thread_blocked, id=1748, stack(0x000000001d3b0000,0x000000001d4b0000)]
  0x000000001b29f800 JavaThread "Daemon periodic checks" [_thread_blocked, id=16920, stack(0x000000001c7b0000,0x000000001c8b0000)]
  0x000000001b2cc000 JavaThread "Incoming local TCP Connector on port 9789" [_thread_in_native, id=17948, stack(0x000000001c570000,0x000000001c670000)]
  0x0000000018ffd800 JavaThread "Daemon health stats" [_thread_blocked, id=15868, stack(0x000000001bf30000,0x000000001c030000)]
  0x000000001760d800 JavaThread "Service Thread" daemon [_thread_blocked, id=16192, stack(0x0000000019320000,0x0000000019420000)]
  0x0000000017606800 JavaThread "C1 CompilerThread2" daemon [_thread_blocked, id=18904, stack(0x0000000018e20000,0x0000000018f20000)]
=>0x00000000175bb800 JavaThread "C2 CompilerThread1" daemon [_thread_in_native, id=18912, stack(0x0000000018d20000,0x0000000018e20000)]
  0x00000000175b3800 JavaThread "C2 CompilerThread0" daemon [_thread_in_native, id=18944, stack(0x0000000018c20000,0x0000000018d20000)]
  0x00000000175b2800 JavaThread "Attach Listener" daemon [_thread_blocked, id=18928, stack(0x0000000018b20000,0x0000000018c20000)]
  0x0000000017603800 JavaThread "Signal Dispatcher" daemon [_thread_blocked, id=18924, stack(0x0000000018a20000,0x0000000018b20000)]
  0x0000000002985800 JavaThread "Finalizer" daemon [_thread_blocked, id=18908, stack(0x0000000018820000,0x0000000018920000)]
  0x0000000017599000 JavaThread "Reference Handler" daemon [_thread_blocked, id=18916, stack(0x0000000018720000,0x0000000018820000)]
  0x0000000000bfe000 JavaThread "main" [_thread_blocked, id=19232, stack(0x0000000002790000,0x0000000002890000)]

Other Threads:
  0x0000000017576000 VMThread [stack: 0x0000000018620000,0x0000000018720000] [id=18920]
  0x000000001760e000 WatcherThread [stack: 0x0000000019420000,0x0000000019520000] [id=11656]

VM state:not at safepoint (normal execution)

VM Mutex/Monitor currently owned by a thread: None

heap address: 0x0000000080000000, size: 2048 MB, Compressed Oops mode: 32-bit
Narrow klass base: 0x0000000000000000, Narrow klass shift: 3
Compressed class space size: 1073741824 Address: 0x0000000100000000

Heap:
 PSYoungGen      total 553472K, used 220190K [0x00000000d5580000, 0x00000000fb380000, 0x0000000100000000)
  eden space 520704K, 37% used [0x00000000d5580000,0x00000000e1592d30,0x00000000f5200000)
  from space 32768K, 71% used [0x00000000f5200000,0x00000000f68f4b88,0x00000000f7200000)
  to   space 25088K, 0% used [0x00000000f7200000,0x00000000f7200000,0x00000000f8a80000)
 ParOldGen       total 119296K, used 70646K [0x0000000080000000, 0x0000000087480000, 0x00000000d5580000)
  object space 119296K, 59% used [0x0000000080000000,0x00000000844fdb08,0x0000000087480000)
 Metaspace       used 86536K, capacity 90874K, committed 91096K, reserved 1128448K
  class space    used 11510K, capacity 12287K, committed 12288K, reserved 1048576K

Card table byte_map: [0x0000000011d50000,0x0000000012160000] byte_map_base: 0x0000000011950000

Marking Bits: (ParMarkBitMap*) 0x00000000737af030
 Begin Bits: [0x0000000012810000, 0x0000000014810000)
 End Bits:   [0x0000000014810000, 0x0000000016810000)

Polling page: 0x0000000000c00000

CodeCache: size=245760Kb used=37811Kb max_used=37811Kb free=207948Kb
 bounds [0x0000000002990000, 0x0000000004eb0000, 0x0000000011990000]
 total_blobs=12929 nmethods=12082 adapters=759
 compilation: enabled

Compilation events (10 events):
Event: 160.409 Thread 0x0000000017606800 nmethod 14412 0x0000000004ea6090 code [0x0000000004ea6240, 0x0000000004ea67f8]
Event: 160.410 Thread 0x0000000017606800 14413   !   3       com.google.common.collect.Synchronized$SynchronizedMultimap::remove (28 bytes)
Event: 160.411 Thread 0x0000000017606800 nmethod 14413 0x0000000004ea6a50 code [0x0000000004ea6be0, 0x0000000004ea7058]
Event: 160.411 Thread 0x0000000017606800 14414       3       com.google.common.collect.ArrayListMultimap::remove (7 bytes)
Event: 160.412 Thread 0x0000000017606800 nmethod 14414 0x0000000004ea7210 code [0x0000000004ea73e0, 0x0000000004ea7d18]
Event: 160.412 Thread 0x0000000017606800 14415       3       org.gradle.internal.resources.DefaultResourceLockCoordinationService$DefaultResourceLockState::registerUnlocked (53 bytes)
Event: 160.413 Thread 0x0000000017606800 nmethod 14415 0x0000000004ea82d0 code [0x0000000004ea84a0, 0x0000000004ea8c78]
Event: 160.420 Thread 0x0000000017606800 14416       3       java.lang.Math::addExact (32 bytes)
Event: 160.420 Thread 0x0000000017606800 nmethod 14416 0x0000000004ea9050 code [0x0000000004ea91c0, 0x0000000004ea9408]
Event: 160.420 Thread 0x0000000017606800 14417       3       com.google.common.cache.LocalCache$LocalLoadingCache::get (9 bytes)

GC Heap History (10 events):
Event: 11.961 GC heap before
{Heap before GC invocations=10 (full 2):
 PSYoungGen      total 276480K, used 260096K [0x00000000d5580000, 0x00000000f1980000, 0x0000000100000000)
  eden space 260096K, 100% used [0x00000000d5580000,0x00000000e5380000,0x00000000e5380000)
  from space 16384K, 0% used [0x00000000e5380000,0x00000000e5380000,0x00000000e6380000)
  to   space 15872K, 0% used [0x00000000f0a00000,0x00000000f0a00000,0x00000000f1980000)
 ParOldGen       total 77824K, used 15140K [0x0000000080000000, 0x0000000084c00000, 0x00000000d5580000)
  object space 77824K, 19% used [0x0000000080000000,0x0000000080ec90e0,0x0000000084c00000)
 Metaspace       used 46293K, capacity 48114K, committed 48344K, reserved 1091584K
  class space    used 6243K, capacity 6579K, committed 6656K, reserved 1048576K
Event: 12.038 GC heap after
Heap after GC invocations=10 (full 2):
 PSYoungGen      total 415232K, used 15862K [0x00000000d5580000, 0x00000000f1980000, 0x0000000100000000)
  eden space 399360K, 0% used [0x00000000d5580000,0x00000000d5580000,0x00000000edb80000)
  from space 15872K, 99% used [0x00000000f0a00000,0x00000000f197d980,0x00000000f1980000)
  to   space 19456K, 0% used [0x00000000ef380000,0x00000000ef380000,0x00000000f0680000)
 ParOldGen       total 77824K, used 18240K [0x0000000080000000, 0x0000000084c00000, 0x00000000d5580000)
  object space 77824K, 23% used [0x0000000080000000,0x00000000811d0100,0x0000000084c00000)
 Metaspace       used 46293K, capacity 48114K, committed 48344K, reserved 1091584K
  class space    used 6243K, capacity 6579K, committed 6656K, reserved 1048576K
}
Event: 14.056 GC heap before
{Heap before GC invocations=11 (full 2):
 PSYoungGen      total 415232K, used 145803K [0x00000000d5580000, 0x00000000f1980000, 0x0000000100000000)
  eden space 399360K, 32% used [0x00000000d5580000,0x00000000dd4653c0,0x00000000edb80000)
  from space 15872K, 99% used [0x00000000f0a00000,0x00000000f197d980,0x00000000f1980000)
  to   space 19456K, 0% used [0x00000000ef380000,0x00000000ef380000,0x00000000f0680000)
 ParOldGen       total 77824K, used 18240K [0x0000000080000000, 0x0000000084c00000, 0x00000000d5580000)
  object space 77824K, 23% used [0x0000000080000000,0x00000000811d0100,0x0000000084c00000)
 Metaspace       used 56788K, capacity 58920K, committed 59028K, reserved 1099776K
  class space    used 7668K, capacity 8118K, committed 8192K, reserved 1048576K
Event: 14.125 GC heap after
Heap after GC invocations=11 (full 2):
 PSYoungGen      total 443392K, used 19438K [0x00000000d5580000, 0x00000000f8a80000, 0x0000000100000000)
  eden space 423936K, 0% used [0x00000000d5580000,0x00000000d5580000,0x00000000ef380000)
  from space 19456K, 99% used [0x00000000ef380000,0x00000000f067bbe0,0x00000000f0680000)
  to   space 25088K, 0% used [0x00000000f7200000,0x00000000f7200000,0x00000000f8a80000)
 ParOldGen       total 77824K, used 24544K [0x0000000080000000, 0x0000000084c00000, 0x00000000d5580000)
  object space 77824K, 31% used [0x0000000080000000,0x00000000817f80b0,0x0000000084c00000)
 Metaspace       used 56788K, capacity 58920K, committed 59028K, reserved 1099776K
  class space    used 7668K, capacity 8118K, committed 8192K, reserved 1048576K
}
Event: 14.125 GC heap before
{Heap before GC invocations=12 (full 3):
 PSYoungGen      total 443392K, used 19438K [0x00000000d5580000, 0x00000000f8a80000, 0x0000000100000000)
  eden space 423936K, 0% used [0x00000000d5580000,0x00000000d5580000,0x00000000ef380000)
  from space 19456K, 99% used [0x00000000ef380000,0x00000000f067bbe0,0x00000000f0680000)
  to   space 25088K, 0% used [0x00000000f7200000,0x00000000f7200000,0x00000000f8a80000)
 ParOldGen       total 77824K, used 24544K [0x0000000080000000, 0x0000000084c00000, 0x00000000d5580000)
  object space 77824K, 31% used [0x0000000080000000,0x00000000817f80b0,0x0000000084c00000)
 Metaspace       used 56788K, capacity 58920K, committed 59028K, reserved 1099776K
  class space    used 7668K, capacity 8118K, committed 8192K, reserved 1048576K
Event: 14.406 GC heap after
Heap after GC invocations=12 (full 3):
 PSYoungGen      total 443392K, used 0K [0x00000000d5580000, 0x00000000f8a80000, 0x0000000100000000)
  eden space 423936K, 0% used [0x00000000d5580000,0x00000000d5580000,0x00000000ef380000)
  from space 19456K, 0% used [0x00000000ef380000,0x00000000ef380000,0x00000000f0680000)
  to   space 25088K, 0% used [0x00000000f7200000,0x00000000f7200000,0x00000000f8a80000)
 ParOldGen       total 119296K, used 38155K [0x0000000080000000, 0x0000000087480000, 0x00000000d5580000)
  object space 119296K, 31% used [0x0000000080000000,0x0000000082542fa8,0x0000000087480000)
 Metaspace       used 56772K, capacity 58866K, committed 59028K, reserved 1099776K
  class space    used 7663K, capacity 8109K, committed 8192K, reserved 1048576K
}
Event: 23.263 GC heap before
{Heap before GC invocations=13 (full 3):
 PSYoungGen      total 443392K, used 423936K [0x00000000d5580000, 0x00000000f8a80000, 0x0000000100000000)
  eden space 423936K, 100% used [0x00000000d5580000,0x00000000ef380000,0x00000000ef380000)
  from space 19456K, 0% used [0x00000000ef380000,0x00000000ef380000,0x00000000f0680000)
  to   space 25088K, 0% used [0x00000000f7200000,0x00000000f7200000,0x00000000f8a80000)
 ParOldGen       total 119296K, used 38155K [0x0000000080000000, 0x0000000087480000, 0x00000000d5580000)
  object space 119296K, 31% used [0x0000000080000000,0x0000000082542fa8,0x0000000087480000)
 Metaspace       used 72071K, capacity 75172K, committed 75480K, reserved 1114112K
  class space    used 9799K, capacity 10390K, committed 10496K, reserved 1048576K
Event: 23.654 GC heap after
Heap after GC invocations=13 (full 3):
 PSYoungGen      total 545792K, used 25077K [0x00000000d5580000, 0x00000000fb380000, 0x0000000100000000)
  eden space 520704K, 0% used [0x00000000d5580000,0x00000000d5580000,0x00000000f5200000)
  from space 25088K, 99% used [0x00000000f7200000,0x00000000f8a7d430,0x00000000f8a80000)
  to   space 32768K, 0% used [0x00000000f5200000,0x00000000f5200000,0x00000000f7200000)
 ParOldGen       total 119296K, used 48941K [0x0000000080000000, 0x0000000087480000, 0x00000000d5580000)
  object space 119296K, 41% used [0x0000000080000000,0x0000000082fcb578,0x0000000087480000)
 Metaspace       used 72071K, capacity 75172K, committed 75480K, reserved 1114112K
  class space    used 9799K, capacity 10390K, committed 10496K, reserved 1048576K
}
Event: 143.820 GC heap before
{Heap before GC invocations=14 (full 3):
 PSYoungGen      total 545792K, used 545781K [0x00000000d5580000, 0x00000000fb380000, 0x0000000100000000)
  eden space 520704K, 100% used [0x00000000d5580000,0x00000000f5200000,0x00000000f5200000)
  from space 25088K, 99% used [0x00000000f7200000,0x00000000f8a7d430,0x00000000f8a80000)
  to   space 32768K, 0% used [0x00000000f5200000,0x00000000f5200000,0x00000000f7200000)
 ParOldGen       total 119296K, used 48941K [0x0000000080000000, 0x0000000087480000, 0x00000000d5580000)
  object space 119296K, 41% used [0x0000000080000000,0x0000000082fcb578,0x0000000087480000)
 Metaspace       used 84162K, capacity 88170K, committed 88280K, reserved 1126400K
  class space    used 11261K, capacity 12003K, committed 12032K, reserved 1048576K
Event: 144.018 GC heap after
Heap after GC invocations=14 (full 3):
 PSYoungGen      total 553472K, used 23506K [0x00000000d5580000, 0x00000000fb380000, 0x0000000100000000)
  eden space 520704K, 0% used [0x00000000d5580000,0x00000000d5580000,0x00000000f5200000)
  from space 32768K, 71% used [0x00000000f5200000,0x00000000f68f4b88,0x00000000f7200000)
  to   space 25088K, 0% used [0x00000000f7200000,0x00000000f7200000,0x00000000f8a80000)
 ParOldGen       total 119296K, used 70646K [0x0000000080000000, 0x0000000087480000, 0x00000000d5580000)
  object space 119296K, 59% used [0x0000000080000000,0x00000000844fdb08,0x0000000087480000)
 Metaspace       used 84162K, capacity 88170K, committed 88280K, reserved 1126400K
  class space    used 11261K, capacity 12003K, committed 12032K, reserved 1048576K
}

Deoptimization events (10 events):
Event: 148.755 Thread 0x0000000019c7a800 Uncommon trap: reason=class_check action=maybe_recompile pc=0x0000000002b03960 method=java.lang.String.equals(Ljava/lang/Object;)Z @ 8
Event: 148.758 Thread 0x0000000019c7a800 Uncommon trap: reason=unstable_if action=reinterpret pc=0x00000000042ffa5c method=org.gradle.internal.io.StreamByteBuffer.prepareRead()I @ 30
Event: 148.758 Thread 0x0000000019c7a800 Uncommon trap: reason=bimorphic action=maybe_recompile pc=0x0000000004876eec method=java.io.ObjectOutputStream$BlockDataOutputStream.drain()V @ 36
Event: 148.766 Thread 0x0000000019c7a800 Uncommon trap: reason=bimorphic action=maybe_recompile pc=0x0000000004192000 method=com.google.common.cache.LocalCache$Segment.get(Ljava/lang/Object;I)Ljava/lang/Object; @ 44
Event: 148.769 Thread 0x0000000019c7a800 Uncommon trap: reason=unstable_if action=reinterpret pc=0x0000000003e55bac method=org.gradle.internal.io.StreamByteBuffer.prepareRead()I @ 30
Event: 148.769 Thread 0x0000000019c7a800 Uncommon trap: reason=bimorphic action=maybe_recompile pc=0x0000000004192000 method=com.google.common.cache.LocalCache$Segment.get(Ljava/lang/Object;I)Ljava/lang/Object; @ 44
Event: 148.776 Thread 0x0000000019c7a800 Uncommon trap: reason=unstable_if action=reinterpret pc=0x0000000004db251c method=java.io.ObjectOutputStream$BlockDataOutputStream.write([BIIZ)V @ 2
Event: 148.827 Thread 0x0000000019c84000 Uncommon trap: reason=unstable_if action=reinterpret pc=0x000000000428ec4c method=java.util.concurrent.locks.AbstractQueuedSynchronizer.enq(Ljava/util/concurrent/locks/AbstractQueuedSynchronizer$Node;)Ljava/util/concurrent/locks/AbstractQueuedSynchronizer
Event: 148.929 Thread 0x0000000019c80800 Uncommon trap: reason=unstable_if action=reinterpret pc=0x0000000003f8fc08 method=com.esotericsoftware.kryo.io.Input.require(I)I @ 180
Event: 160.298 Thread 0x0000000019c7a800 Uncommon trap: reason=unstable_if action=reinterpret pc=0x0000000002e4d028 method=com.sun.org.apache.xerces.internal.util.XMLAttributesImpl.addAttributeNS(Lcom/sun/org/apache/xerces/internal/xni/QName;Ljava/lang/String;Ljava/lang/String;)V @ 22

Classes redefined (0 events):
No events

Internal exceptions (10 events):
Event: 148.692 Thread 0x0000000019c7f800 Exception <a 'java/lang/NoSuchMethodError': <clinit>> (0x00000000db16e970) thrown at [C:\src\AOSP-openjdk-git\hotspot\src\share\vm\prims\jni.cpp, line 1615]
Event: 148.877 Thread 0x0000000019c7e000 Exception <a 'java/lang/NoSuchMethodError': <clinit>> (0x00000000ddeabd00) thrown at [C:\src\AOSP-openjdk-git\hotspot\src\share\vm\prims\jni.cpp, line 1615]
Event: 148.878 Thread 0x0000000019c7e000 Exception <a 'java/lang/NoSuchMethodError': <clinit>> (0x00000000ddebb668) thrown at [C:\src\AOSP-openjdk-git\hotspot\src\share\vm\prims\jni.cpp, line 1615]
Event: 148.878 Thread 0x0000000019c7e000 Exception <a 'java/lang/NoSuchMethodError': <clinit>> (0x00000000ddebdb18) thrown at [C:\src\AOSP-openjdk-git\hotspot\src\share\vm\prims\jni.cpp, line 1615]
Event: 148.880 Thread 0x0000000019c7e000 Exception <a 'java/lang/NoSuchMethodError': <clinit>> (0x00000000ddecdca8) thrown at [C:\src\AOSP-openjdk-git\hotspot\src\share\vm\prims\jni.cpp, line 1615]
Event: 148.882 Thread 0x0000000019c7e000 Exception <a 'java/lang/NoSuchMethodError': <clinit>> (0x00000000dded9058) thrown at [C:\src\AOSP-openjdk-git\hotspot\src\share\vm\prims\jni.cpp, line 1615]
Event: 148.891 Thread 0x0000000019c7e000 Exception <a 'java/lang/NoSuchMethodError': <clinit>> (0x00000000ddeebfe8) thrown at [C:\src\AOSP-openjdk-git\hotspot\src\share\vm\prims\jni.cpp, line 1615]
Event: 148.911 Thread 0x0000000019c7e000 Exception <a 'java/lang/NoSuchMethodError': <clinit>> (0x00000000ddf05858) thrown at [C:\src\AOSP-openjdk-git\hotspot\src\share\vm\prims\jni.cpp, line 1615]
Event: 148.912 Thread 0x0000000019c7e000 Exception <a 'java/lang/NoSuchMethodError': <clinit>> (0x00000000ddf164e8) thrown at [C:\src\AOSP-openjdk-git\hotspot\src\share\vm\prims\jni.cpp, line 1615]
Event: 160.295 Thread 0x0000000019c7a800 Exception <a 'sun/nio/fs/WindowsException'> (0x00000000e0e7ade8) thrown at [C:\src\AOSP-openjdk-git\hotspot\src\share\vm\prims\jni.cpp, line 710]

Events (10 events):
Event: 160.416 Executing VM operation: RevokeBias done
Event: 160.416 Executing VM operation: RevokeBias
Event: 160.417 Executing VM operation: RevokeBias done
Event: 160.417 Executing VM operation: RevokeBias
Event: 160.417 Executing VM operation: RevokeBias done
Event: 160.417 Executing VM operation: RevokeBias
Event: 160.417 Executing VM operation: RevokeBias done
Event: 160.418 Executing VM operation: RevokeBias
Event: 160.420 Executing VM operation: RevokeBias done
Event: 160.421 Executing VM operation: RevokeBias


Dynamic libraries:
0x00007ff77f1d0000 - 0x00007ff77f201000 	C:\Program Files\Android\Android Studio1\jre\bin\java.exe
0x00007ff937410000 - 0x00007ff937606000 	C:\Windows\SYSTEM32\ntdll.dll
0x00007ff935840000 - 0x00007ff9358fd000 	C:\Windows\System32\KERNEL32.DLL
0x00007ff935040000 - 0x00007ff935309000 	C:\Windows\System32\KERNELBASE.dll
0x00007ff935e10000 - 0x00007ff935ebc000 	C:\Windows\System32\ADVAPI32.dll
0x00007ff936ec0000 - 0x00007ff936f5e000 	C:\Windows\System32\msvcrt.dll
0x00007ff936190000 - 0x00007ff93622c000 	C:\Windows\System32\sechost.dll
0x00007ff936420000 - 0x00007ff93654b000 	C:\Windows\System32\RPCRT4.dll
0x00007ff935ff0000 - 0x00007ff936190000 	C:\Windows\System32\USER32.dll
0x00007ff934cf0000 - 0x00007ff934d12000 	C:\Windows\System32\win32u.dll
0x00007ff935ec0000 - 0x00007ff935eea000 	C:\Windows\System32\GDI32.dll
0x00007ff934f30000 - 0x00007ff93503b000 	C:\Windows\System32\gdi32full.dll
0x00007ff934b50000 - 0x00007ff934bed000 	C:\Windows\System32\msvcp_win.dll
0x00007ff934bf0000 - 0x00007ff934cf0000 	C:\Windows\System32\ucrtbase.dll
0x00007ff922860000 - 0x00007ff922afb000 	C:\Windows\WinSxS\amd64_microsoft.windows.common-controls_6595b64144ccf1df_6.0.19041.746_none_ca02b4b61b8320a4\COMCTL32.dll
0x00007ff935fc0000 - 0x00007ff935ff0000 	C:\Windows\System32\IMM32.DLL
0x00000000724a0000 - 0x0000000072572000 	C:\Program Files\Android\Android Studio1\jre\jre\bin\msvcr100.dll
0x0000000072fe0000 - 0x000000007382b000 	C:\Program Files\Android\Android Studio1\jre\jre\bin\server\jvm.dll
0x00007ff936630000 - 0x00007ff936638000 	C:\Windows\System32\PSAPI.DLL
0x00007ff925380000 - 0x00007ff9253a7000 	C:\Windows\SYSTEM32\WINMM.dll
0x00007ff92e1c0000 - 0x00007ff92e1c9000 	C:\Windows\SYSTEM32\WSOCK32.dll
0x00007ff935ef0000 - 0x00007ff935f5b000 	C:\Windows\System32\WS2_32.dll
0x00007ff92b780000 - 0x00007ff92b78a000 	C:\Windows\SYSTEM32\VERSION.dll
0x00007ff91dca0000 - 0x00007ff91dcaf000 	C:\Program Files\Android\Android Studio1\jre\jre\bin\verify.dll
0x00007ff912f10000 - 0x00007ff912f39000 	C:\Program Files\Android\Android Studio1\jre\jre\bin\java.dll
0x00007ff901f80000 - 0x00007ff901f96000 	C:\Program Files\Android\Android Studio1\jre\jre\bin\zip.dll
0x00007ff936770000 - 0x00007ff936eb3000 	C:\Windows\System32\SHELL32.dll
0x00007ff932cb0000 - 0x00007ff93343f000 	C:\Windows\SYSTEM32\windows.storage.dll
0x00007ff935900000 - 0x00007ff935c56000 	C:\Windows\System32\combase.dll
0x00007ff9345b0000 - 0x00007ff9345dc000 	C:\Windows\SYSTEM32\Wldp.dll
0x00007ff9354f0000 - 0x00007ff93559e000 	C:\Windows\System32\SHCORE.dll
0x00007ff9355a0000 - 0x00007ff9355f5000 	C:\Windows\System32\shlwapi.dll
0x00007ff934a80000 - 0x00007ff934aa6000 	C:\Windows\SYSTEM32\profapi.dll
0x00007ff901f60000 - 0x00007ff901f7a000 	C:\Program Files\Android\Android Studio1\jre\jre\bin\net.dll
0x00007ff934330000 - 0x00007ff93439a000 	C:\Windows\system32\mswsock.dll
0x00007ff901f40000 - 0x00007ff901f53000 	C:\Program Files\Android\Android Studio1\jre\jre\bin\nio.dll
0x00007ff92fa50000 - 0x00007ff92fa77000 	C:\Users\TOSHIBA\.gradle\native\f6784746aeab05261644944871eae4fe03e0ef1612fff0a4a95f87b438bc6780\windows-amd64\native-platform.dll
0x00007ff9132b0000 - 0x00007ff9132bd000 	C:\Program Files\Android\Android Studio1\jre\jre\bin\management.dll
0x00007ff934510000 - 0x00007ff934528000 	C:\Windows\SYSTEM32\CRYPTSP.dll
0x00007ff933c60000 - 0x00007ff933c94000 	C:\Windows\system32\rsaenh.dll
0x00007ff934e50000 - 0x00007ff934e77000 	C:\Windows\System32\bcrypt.dll
0x00007ff934a00000 - 0x00007ff934a2e000 	C:\Windows\SYSTEM32\USERENV.dll
0x00007ff934d20000 - 0x00007ff934da0000 	C:\Windows\System32\bcryptprimitives.dll
0x00007ff934500000 - 0x00007ff93450c000 	C:\Windows\SYSTEM32\CRYPTBASE.dll
0x00007ff933fd0000 - 0x00007ff93400b000 	C:\Windows\SYSTEM32\IPHLPAPI.DLL
0x00007ff9357b0000 - 0x00007ff9357b8000 	C:\Windows\System32\NSI.dll
0x00007ff92b810000 - 0x00007ff92b827000 	C:\Windows\SYSTEM32\dhcpcsvc6.DLL
0x00007ff92d2a0000 - 0x00007ff92d2bd000 	C:\Windows\SYSTEM32\dhcpcsvc.DLL
0x00007ff934010000 - 0x00007ff9340db000 	C:\Windows\SYSTEM32\DNSAPI.dll
0x00007ff92d710000 - 0x00007ff92d71b000 	C:\Windows\SYSTEM32\WINNSI.DLL

VM Arguments:
jvm_args: -Xmx2048m -Dfile.encoding=UTF-8 -Duser.country=US -Duser.language=en -Duser.variant 
java_command: org.gradle.launcher.daemon.bootstrap.GradleDaemon 6.5
java_class_path (initial): C:\Users\TOSHIBA\.gradle\wrapper\dists\gradle-6.5-bin\6nifqtx7604sqp1q6g8wikw7p\gradle-6.5\lib\gradle-launcher-6.5.jar
Launcher Type: SUN_STANDARD

Environment Variables:
PATH=C:\Windows\system32;C:\Windows;C:\Windows\System32\Wbem;C:\Windows\System32\WindowsPowerShell\v1.0\;C:\Windows\System32\OpenSSH\;D:\Program Files\Git\cmd;C:\Users\TOSHIBA\AppData\Local\Microsoft\WindowsApps;C:\Users\TOSHIBA\AppData\Local\Programs\Microsoft VS Code\bin;C:\Users\TOSHIBA\AppData\Local\GitHubDesktop\bin;C:\ProgramData\TOSHIBA\GitHubDesktop\bin;C:\wamp64\bin\php\php5.6.35;C:\Users\TOSHIBA\composer;C:\Users\TOSHIBA\AppData\Roaming\Composer\vendor\bin
USERNAME=TOSHIBA
OS=Windows_NT
PROCESSOR_IDENTIFIER=Intel64 Family 6 Model 69 Stepping 1, GenuineIntel



---------------  S Y S T E M  ---------------

OS: Windows 10.0 , 64 bit Build 19041 (10.0.19041.662)

CPU:total 4 (initial active 4) (2 cores per cpu, 2 threads per core) family 6 model 69 stepping 1, cmov, cx8, fxsr, mmx, sse, sse2, sse3, ssse3, sse4.1, sse4.2, popcnt, avx, avx2, aes, clmul, erms, lzcnt, ht, tsc, tscinvbit, bmi1, bmi2

Memory: 4k page, physical 8312048k(411240k free), swap 33477872k(5000k free)

vm_info: OpenJDK 64-Bit Server VM (25.242-b01) for windows-amd64 JRE (1.8.0_242-release-1644-b01), built by "builder" with MS VC++ 10.0 (VS2010)

time: Tue Jan 26 11:40:13 2021
timezone: Turkey Standard Time
elapsed time: 160 seconds (0d 0h 2m 40s)

