#
# There is insufficient memory for the Java Runtime Environment to continue.
# Native memory allocation (malloc) failed to allocate 482416 bytes for Chunk::new
# Possible reasons:
#   The system is out of physical RAM or swap space
#   The process is running with CompressedOops enabled, and the Java Heap may be blocking the growth of the native heap
# Possible solutions:
#   Reduce memory load on the system
#   Increase physical memory or swap space
#   Check if swap backing store is full
#   Decrease Java heap size (-Xmx/-Xms)
#   Decrease number of Java threads
#   Decrease Java thread stack sizes (-Xss)
#   Set larger code cache with -XX:ReservedCodeCacheSize=
#   JVM is running with Unscaled Compressed Oops mode in which the Java heap is
#     placed in the first 4GB address space. The Java Heap base address is the
#     maximum limit for the native heap growth. Please use -XX:HeapBaseMinAddress
#     to set the Java Heap base and to place the Java Heap above 4GB virtual address.
# This output file may be truncated or incomplete.
#
#  Out of Memory Error (allocation.cpp:389), pid=5760, tid=0x000000000000468c
#
# JRE version: OpenJDK Runtime Environment (8.0_242-b01) (build 1.8.0_242-release-1644-b01)
# Java VM: OpenJDK 64-Bit Server VM (25.242-b01 mixed mode windows-amd64 compressed oops)
# Failed to write core dump. Minidumps are not enabled by default on client versions of Windows
#

---------------  T H R E A D  ---------------

Current thread (0x00000000174f8800):  JavaThread "C2 CompilerThread0" daemon [_thread_in_native, id=18060, stack(0x0000000018b60000,0x0000000018c60000)]

Stack: [0x0000000018b60000,0x0000000018c60000]
[error occurred during error reporting (printing stack bounds), id 0xc0000005]

Native frames: (J=compiled Java code, j=interpreted, Vv=VM code, C=native code)


Current CompileTask:
C2:6868238 12812   !   4       org.gradle.cache.internal.DefaultMultiProcessSafePersistentIndexedCache::get (28 bytes)


---------------  P R O C E S S  ---------------

Java Threads: ( => current thread )
  0x000000001d9c4000 JavaThread "Cache worker for cache directory md-rule (C:\Users\TOSHIBA\.gradle\caches\6.5\md-rule)" [_thread_blocked, id=19744, stack(0x0000000020e90000,0x0000000020f90000)]
  0x000000001d9c1800 JavaThread "Cache worker for cache directory md-supplier (C:\Users\TOSHIBA\.gradle\caches\6.5\md-supplier)" [_thread_blocked, id=19736, stack(0x000000001fae0000,0x000000001fbe0000)]
  0x000000001d9be000 JavaThread "Cache worker for checksums cache (C:\Users\TOSHIBA\AndroidStudioProjects\Kotlin\RwadCodingAcdemy\ToDoList\.gradle\checksums)" [_thread_blocked, id=19852, stack(0x000000001e950000,0x000000001ea50000)]
  0x000000001d9ba000 JavaThread "Cache worker for file hash cache (C:\Users\TOSHIBA\AndroidStudioProjects\Kotlin\RwadCodingAcdemy\ToDoList\.gradle\6.5\fileHashes)" [_thread_blocked, id=19780, stack(0x000000001cd80000,0x000000001ce80000)]
  0x000000001d9bd000 JavaThread "Thread-151" [_thread_blocked, id=20288, stack(0x000000001cc80000,0x000000001cd80000)]
  0x000000001d9c1000 JavaThread "Stdin handler" [_thread_blocked, id=12996, stack(0x000000001cb80000,0x000000001cc80000)]
  0x000000001d9bc800 JavaThread "Asynchronous log dispatcher for DefaultDaemonConnection: socket connection from /127.0.0.1:9893 to /127.0.0.1:11257" [_thread_blocked, id=15776, stack(0x000000001ca80000,0x000000001cb80000)]
  0x000000001d9be800 JavaThread "Daemon worker Thread 2" [_thread_in_native, id=20264, stack(0x000000001c980000,0x000000001ca80000)]
  0x000000001d9bb800 JavaThread "Cancel handler" [_thread_blocked, id=10232, stack(0x000000001c340000,0x000000001c440000)]
  0x000000001d9c0000 JavaThread "Handler for socket connection from /127.0.0.1:9893 to /127.0.0.1:11257" [_thread_in_native, id=18848, stack(0x000000001c240000,0x000000001c340000)]
  0x000000001d9bb000 JavaThread "Daemon Thread 2" [_thread_blocked, id=9956, stack(0x0000000000d20000,0x0000000000e20000)]
  0x0000000018fda800 JavaThread "Memory manager" [_thread_blocked, id=11636, stack(0x0000000029d90000,0x0000000029e90000)]
  0x000000001afbe800 JavaThread "Cache worker for file content cache (C:\Users\TOSHIBA\.gradle\caches\6.5\fileContent)" [_thread_blocked, id=4764, stack(0x0000000021890000,0x0000000021990000)]
  0x000000001afba800 JavaThread "Cache worker for execution history cache (C:\Users\TOSHIBA\.gradle\caches\6.5\executionHistory)" [_thread_blocked, id=16328, stack(0x0000000021090000,0x0000000021190000)]
  0x000000001afc0000 JavaThread "Cache worker for file hash cache (C:\Users\TOSHIBA\.gradle\caches\6.5\fileHashes)" [_thread_blocked, id=12472, stack(0x000000001d480000,0x000000001d580000)]
  0x000000001afbb800 JavaThread "File lock request listener" [_thread_in_native, id=17568, stack(0x000000001d380000,0x000000001d480000)]
  0x000000001aefb800 JavaThread "Cache worker for journal cache (C:\Users\TOSHIBA\.gradle\caches\journal-1)" [_thread_blocked, id=18372, stack(0x000000001d280000,0x000000001d380000)]
  0x000000001ae5a800 JavaThread "Daemon periodic checks" [_thread_blocked, id=18456, stack(0x000000001c680000,0x000000001c780000)]
  0x000000001adf1000 JavaThread "Incoming local TCP Connector on port 9893" [_thread_in_native, id=18440, stack(0x000000001c440000,0x000000001c540000)]
  0x000000001adc0800 JavaThread "Daemon health stats" [_thread_blocked, id=10688, stack(0x000000001be00000,0x000000001bf00000)]
  0x000000001754e000 JavaThread "Service Thread" daemon [_thread_blocked, id=15980, stack(0x0000000019260000,0x0000000019360000)]
  0x0000000017548000 JavaThread "C1 CompilerThread2" daemon [_thread_blocked, id=11572, stack(0x0000000018d60000,0x0000000018e60000)]
  0x00000000174fc800 JavaThread "C2 CompilerThread1" daemon [_thread_blocked, id=7724, stack(0x0000000018c60000,0x0000000018d60000)]
=>0x00000000174f8800 JavaThread "C2 CompilerThread0" daemon [_thread_in_native, id=18060, stack(0x0000000018b60000,0x0000000018c60000)]
  0x0000000017542800 JavaThread "Attach Listener" daemon [_thread_blocked, id=1448, stack(0x0000000018a60000,0x0000000018b60000)]
  0x0000000017541800 JavaThread "Signal Dispatcher" daemon [_thread_blocked, id=16192, stack(0x0000000018960000,0x0000000018a60000)]
  0x000000000285b000 JavaThread "Finalizer" daemon [_thread_blocked, id=19188, stack(0x0000000018740000,0x0000000018840000)]
  0x00000000174d9000 JavaThread "Reference Handler" daemon [_thread_blocked, id=15184, stack(0x0000000018640000,0x0000000018740000)]
  0x000000000289e000 JavaThread "main" [_thread_blocked, id=16096, stack(0x0000000000e90000,0x0000000000f90000)]

Other Threads:
  0x00000000174b6000 VMThread [stack: 0x0000000018540000,0x0000000018640000] [id=19080]
  0x0000000018ed5000 WatcherThread [stack: 0x0000000019360000,0x0000000019460000] [id=17004]

VM state:not at safepoint (normal execution)

VM Mutex/Monitor currently owned by a thread: None

heap address: 0x0000000080000000, size: 2048 MB, Compressed Oops mode: 32-bit
Narrow klass base: 0x0000000000000000, Narrow klass shift: 3
Compressed class space size: 1073741824 Address: 0x0000000100000000

Heap:
 PSYoungGen      total 311296K, used 124987K [0x00000000d5580000, 0x00000000eda80000, 0x0000000100000000)
  eden space 257024K, 43% used [0x00000000d5580000,0x00000000dc258ec0,0x00000000e5080000)
  from space 54272K, 24% used [0x00000000e5080000,0x00000000e5db5f78,0x00000000e8580000)
  to   space 52224K, 0% used [0x00000000ea780000,0x00000000ea780000,0x00000000eda80000)
 ParOldGen       total 278016K, used 129467K [0x0000000080000000, 0x0000000090f80000, 0x00000000d5580000)
  object space 278016K, 46% used [0x0000000080000000,0x0000000087e6ecf0,0x0000000090f80000)
 Metaspace       used 84137K, capacity 88058K, committed 88408K, reserved 1126400K
  class space    used 11284K, capacity 12037K, committed 12160K, reserved 1048576K

Card table byte_map: [0x0000000011c60000,0x0000000012070000] byte_map_base: 0x0000000011860000

Marking Bits: (ParMarkBitMap*) 0x00000000737af030
 Begin Bits: [0x0000000012720000, 0x0000000014720000)
 End Bits:   [0x0000000014720000, 0x0000000016720000)

Polling page: 0x0000000002740000

CodeCache: size=245760Kb used=32892Kb max_used=32892Kb free=212867Kb
 bounds [0x00000000028a0000, 0x00000000048f0000, 0x00000000118a0000]
 total_blobs=11568 nmethods=10733 adapters=747
 compilation: enabled

Compilation events (10 events):
Event: 6868.206 Thread 0x0000000017548000 12826       3       org.gradle.api.internal.artifacts.ivyservice.resolveengine.graph.selectors.SelectorStateResolver::resolveSingleSelector (62 bytes)
Event: 6868.209 Thread 0x0000000017548000 nmethod 12826 0x00000000048dd710 code [0x00000000048dd8c0, 0x00000000048ddd78]
Event: 6868.210 Thread 0x0000000017548000 12827       3       org.gradle.api.internal.artifacts.ivyservice.resolveengine.graph.selectors.SelectorStateResolver::selectBest (193 bytes)
Event: 6868.225 Thread 0x0000000017548000 nmethod 12827 0x00000000048e1c10 code [0x00000000048e1fc0, 0x00000000048e3f38]
Event: 6868.225 Thread 0x0000000017548000 12828       3       org.gradle.api.internal.artifacts.ivyservice.resolveengine.graph.selectors.SelectorStateResolver::createAllRejects (116 bytes)
Event: 6868.226 Thread 0x0000000017548000 nmethod 12828 0x00000000048dbf90 code [0x00000000048dc220, 0x00000000048dd108]
Event: 6868.226 Thread 0x0000000017548000 12829       3       org.gradle.api.internal.artifacts.ivyservice.resolveengine.graph.selectors.SelectorStateResolver::resolveSelectors (71 bytes)
Event: 6868.228 Thread 0x0000000017548000 nmethod 12829 0x00000000048e4e50 code [0x00000000048e50c0, 0x00000000048e5f28]
Event: 6868.228 Thread 0x0000000017548000 12830       3       org.gradle.api.internal.artifacts.ivyservice.resolveengine.graph.builder.ComponentState::setSelectors (6 bytes)
Event: 6868.228 Thread 0x0000000017548000 nmethod 12830 0x00000000048dbc50 code [0x00000000048dbda0, 0x00000000048dbf10]

GC Heap History (10 events):
Event: 16.430 GC heap before
{Heap before GC invocations=17 (full 3):
 PSYoungGen      total 198656K, used 198626K [0x00000000d5580000, 0x00000000e5200000, 0x0000000100000000)
  eden space 181760K, 100% used [0x00000000d5580000,0x00000000e0700000,0x00000000e0700000)
  from space 16896K, 99% used [0x00000000e0700000,0x00000000e1778be0,0x00000000e1780000)
  to   space 19456K, 0% used [0x00000000e3f00000,0x00000000e3f00000,0x00000000e5200000)
 ParOldGen       total 130560K, used 34631K [0x0000000080000000, 0x0000000087f80000, 0x00000000d5580000)
  object space 130560K, 26% used [0x0000000080000000,0x00000000821d1fd8,0x0000000087f80000)
 Metaspace       used 71550K, capacity 74602K, committed 74840K, reserved 1114112K
  class space    used 9731K, capacity 10345K, committed 10368K, reserved 1048576K
Event: 16.463 GC heap after
Heap after GC invocations=17 (full 3):
 PSYoungGen      total 236032K, used 15222K [0x00000000d5580000, 0x00000000e5180000, 0x0000000100000000)
  eden space 217088K, 0% used [0x00000000d5580000,0x00000000d5580000,0x00000000e2980000)
  from space 18944K, 80% used [0x00000000e3f00000,0x00000000e4ddd9c0,0x00000000e5180000)
  to   space 20480K, 0% used [0x00000000e2980000,0x00000000e2980000,0x00000000e3d80000)
 ParOldGen       total 130560K, used 44845K [0x0000000080000000, 0x0000000087f80000, 0x00000000d5580000)
  object space 130560K, 34% used [0x0000000080000000,0x0000000082bcb768,0x0000000087f80000)
 Metaspace       used 71550K, capacity 74602K, committed 74840K, reserved 1114112K
  class space    used 9731K, capacity 10345K, committed 10368K, reserved 1048576K
}
Event: 18.993 GC heap before
{Heap before GC invocations=18 (full 3):
 PSYoungGen      total 236032K, used 232310K [0x00000000d5580000, 0x00000000e5180000, 0x0000000100000000)
  eden space 217088K, 100% used [0x00000000d5580000,0x00000000e2980000,0x00000000e2980000)
  from space 18944K, 80% used [0x00000000e3f00000,0x00000000e4ddd9c0,0x00000000e5180000)
  to   space 20480K, 0% used [0x00000000e2980000,0x00000000e2980000,0x00000000e3d80000)
 ParOldGen       total 130560K, used 44845K [0x0000000080000000, 0x0000000087f80000, 0x00000000d5580000)
  object space 130560K, 34% used [0x0000000080000000,0x0000000082bcb768,0x0000000087f80000)
 Metaspace       used 77671K, capacity 81164K, committed 81240K, reserved 1120256K
  class space    used 10726K, capacity 11388K, committed 11392K, reserved 1048576K
Event: 19.146 GC heap after
Heap after GC invocations=18 (full 3):
 PSYoungGen      total 237568K, used 20453K [0x00000000d5580000, 0x00000000eaa80000, 0x0000000100000000)
  eden space 217088K, 0% used [0x00000000d5580000,0x00000000d5580000,0x00000000e2980000)
  from space 20480K, 99% used [0x00000000e2980000,0x00000000e3d79470,0x00000000e3d80000)
  to   space 37888K, 0% used [0x00000000e8580000,0x00000000e8580000,0x00000000eaa80000)
 ParOldGen       total 130560K, used 85273K [0x0000000080000000, 0x0000000087f80000, 0x00000000d5580000)
  object space 130560K, 65% used [0x0000000080000000,0x0000000085346508,0x0000000087f80000)
 Metaspace       used 77671K, capacity 81164K, committed 81240K, reserved 1120256K
  class space    used 10726K, capacity 11388K, committed 11392K, reserved 1048576K
}
Event: 21.642 GC heap before
{Heap before GC invocations=19 (full 3):
 PSYoungGen      total 237568K, used 237541K [0x00000000d5580000, 0x00000000eaa80000, 0x0000000100000000)
  eden space 217088K, 100% used [0x00000000d5580000,0x00000000e2980000,0x00000000e2980000)
  from space 20480K, 99% used [0x00000000e2980000,0x00000000e3d79470,0x00000000e3d80000)
  to   space 37888K, 0% used [0x00000000e8580000,0x00000000e8580000,0x00000000eaa80000)
 ParOldGen       total 130560K, used 85273K [0x0000000080000000, 0x0000000087f80000, 0x00000000d5580000)
  object space 130560K, 65% used [0x0000000080000000,0x0000000085346508,0x0000000087f80000)
 Metaspace       used 79049K, capacity 82894K, committed 83032K, reserved 1120256K
  class space    used 10867K, capacity 11591K, committed 11648K, reserved 1048576K
Event: 21.751 GC heap after
Heap after GC invocations=19 (full 3):
 PSYoungGen      total 294912K, used 37876K [0x00000000d5580000, 0x00000000ece80000, 0x0000000100000000)
  eden space 257024K, 0% used [0x00000000d5580000,0x00000000d5580000,0x00000000e5080000)
  from space 37888K, 99% used [0x00000000e8580000,0x00000000eaa7d038,0x00000000eaa80000)
  to   space 54272K, 0% used [0x00000000e5080000,0x00000000e5080000,0x00000000e8580000)
 ParOldGen       total 130560K, used 113017K [0x0000000080000000, 0x0000000087f80000, 0x00000000d5580000)
  object space 130560K, 86% used [0x0000000080000000,0x0000000086e5e668,0x0000000087f80000)
 Metaspace       used 79049K, capacity 82894K, committed 83032K, reserved 1120256K
  class space    used 10867K, capacity 11591K, committed 11648K, reserved 1048576K
}
Event: 21.751 GC heap before
{Heap before GC invocations=20 (full 4):
 PSYoungGen      total 294912K, used 37876K [0x00000000d5580000, 0x00000000ece80000, 0x0000000100000000)
  eden space 257024K, 0% used [0x00000000d5580000,0x00000000d5580000,0x00000000e5080000)
  from space 37888K, 99% used [0x00000000e8580000,0x00000000eaa7d038,0x00000000eaa80000)
  to   space 54272K, 0% used [0x00000000e5080000,0x00000000e5080000,0x00000000e8580000)
 ParOldGen       total 130560K, used 113017K [0x0000000080000000, 0x0000000087f80000, 0x00000000d5580000)
  object space 130560K, 86% used [0x0000000080000000,0x0000000086e5e668,0x0000000087f80000)
 Metaspace       used 79049K, capacity 82894K, committed 83032K, reserved 1120256K
  class space    used 10867K, capacity 11591K, committed 11648K, reserved 1048576K
Event: 22.429 GC heap after
Heap after GC invocations=20 (full 4):
 PSYoungGen      total 294912K, used 0K [0x00000000d5580000, 0x00000000ece80000, 0x0000000100000000)
  eden space 257024K, 0% used [0x00000000d5580000,0x00000000d5580000,0x00000000e5080000)
  from space 37888K, 0% used [0x00000000e8580000,0x00000000e8580000,0x00000000eaa80000)
  to   space 54272K, 0% used [0x00000000e5080000,0x00000000e5080000,0x00000000e8580000)
 ParOldGen       total 278016K, used 129459K [0x0000000080000000, 0x0000000090f80000, 0x00000000d5580000)
  object space 278016K, 46% used [0x0000000080000000,0x0000000087e6ccf0,0x0000000090f80000)
 Metaspace       used 78944K, capacity 82592K, committed 83032K, reserved 1120256K
  class space    used 10832K, capacity 11530K, committed 11648K, reserved 1048576K
}
Event: 4472.376 GC heap before
{Heap before GC invocations=21 (full 4):
 PSYoungGen      total 294912K, used 257024K [0x00000000d5580000, 0x00000000ece80000, 0x0000000100000000)
  eden space 257024K, 100% used [0x00000000d5580000,0x00000000e5080000,0x00000000e5080000)
  from space 37888K, 0% used [0x00000000e8580000,0x00000000e8580000,0x00000000eaa80000)
  to   space 54272K, 0% used [0x00000000e5080000,0x00000000e5080000,0x00000000e8580000)
 ParOldGen       total 278016K, used 129459K [0x0000000080000000, 0x0000000090f80000, 0x00000000d5580000)
  object space 278016K, 46% used [0x0000000080000000,0x0000000087e6ccf0,0x0000000090f80000)
 Metaspace       used 84051K, capacity 87952K, committed 88024K, reserved 1126400K
  class space    used 11280K, capacity 12030K, committed 12032K, reserved 1048576K
Event: 4473.154 GC heap after
Heap after GC invocations=21 (full 4):
 PSYoungGen      total 311296K, used 13527K [0x00000000d5580000, 0x00000000eda80000, 0x0000000100000000)
  eden space 257024K, 0% used [0x00000000d5580000,0x00000000d5580000,0x00000000e5080000)
  from space 54272K, 24% used [0x00000000e5080000,0x00000000e5db5f78,0x00000000e8580000)
  to   space 52224K, 0% used [0x00000000ea780000,0x00000000ea780000,0x00000000eda80000)
 ParOldGen       total 278016K, used 129467K [0x0000000080000000, 0x0000000090f80000, 0x00000000d5580000)
  object space 278016K, 46% used [0x0000000080000000,0x0000000087e6ecf0,0x0000000090f80000)
 Metaspace       used 84051K, capacity 87952K, committed 88024K, reserved 1126400K
  class space    used 11280K, capacity 12030K, committed 12032K, reserved 1048576K
}

Deoptimization events (10 events):
Event: 6866.780 Thread 0x000000001d9be800 Uncommon trap: reason=class_check action=maybe_recompile pc=0x00000000041c4b4c method=java.util.Collections$UnmodifiableCollection.contains(Ljava/lang/Object;)Z @ 5
Event: 6866.781 Thread 0x000000001d9be800 Uncommon trap: reason=class_check action=maybe_recompile pc=0x00000000041c4b4c method=java.util.Collections$UnmodifiableCollection.contains(Ljava/lang/Object;)Z @ 5
Event: 6867.192 Thread 0x000000001d9be800 Uncommon trap: reason=unstable_if action=reinterpret pc=0x0000000003376ae4 method=org.gradle.cache.internal.DefaultCrossBuildInMemoryCacheFactory$AbstractCrossBuildInMemoryCache.getIfPresent(Ljava/lang/Object;)Ljava/lang/Object; @ 24
Event: 6867.316 Thread 0x000000001d9be800 Uncommon trap: reason=unstable_if action=reinterpret pc=0x0000000004109b3c method=org.gradle.tooling.internal.provider.runner.SubtreeFilteringBuildOperationListener.started(Lorg/gradle/internal/operations/BuildOperationDescriptor;Lorg/gradle/internal/oper
Event: 6867.323 Thread 0x000000001d9be800 Uncommon trap: reason=unstable_if action=reinterpret pc=0x000000000458955c method=org.gradle.internal.logging.sink.OutputEventTransformer.onOutput(Lorg/gradle/internal/logging/events/OutputEvent;)V @ 84
Event: 6867.726 Thread 0x000000001d9be800 Uncommon trap: reason=unstable_if action=reinterpret pc=0x0000000003ef71b8 method=org.gradle.cache.internal.DefaultCrossBuildInMemoryCacheFactory$AbstractCrossBuildInMemoryCache.getIfPresent(Ljava/lang/Object;)Ljava/lang/Object; @ 24
Event: 6867.779 Thread 0x000000001d9be800 Uncommon trap: reason=bimorphic action=maybe_recompile pc=0x000000000415eb7c method=com.google.common.cache.LocalCache$Segment.getLiveValue(Lcom/google/common/cache/ReferenceEntry;J)Ljava/lang/Object; @ 21
Event: 6867.798 Thread 0x000000001d9be800 Uncommon trap: reason=unstable_if action=reinterpret pc=0x0000000004875b5c method=org.gradle.internal.dispatch.ProxyDispatchAdapter$DispatchingInvocationHandler.invoke(Ljava/lang/Object;Ljava/lang/reflect/Method;[Ljava/lang/Object;)Ljava/lang/Object; @ 9
Event: 6867.881 Thread 0x000000001d9be800 Uncommon trap: reason=unstable_if action=reinterpret pc=0x00000000038c3768 method=com.google.common.collect.MapMakerInternalMap$Segment.getEntry(Ljava/lang/Object;I)Lcom/google/common/collect/MapMakerInternalMap$InternalEntry; @ 4
Event: 6868.097 Thread 0x000000001d9be800 Uncommon trap: reason=null_check action=make_not_entrant pc=0x00000000041fc5e4 method=org.gradle.internal.action.InstantiatingAction.execute(Ljava/lang/Object;)V @ 52

Classes redefined (0 events):
No events

Internal exceptions (10 events):
Event: 22.860 Thread 0x0000000018fe1000 Exception <a 'java/lang/NoSuchMethodError': java.lang.Object.lambda$asRunnable$0(Lcom/android/tools/build/apkzlib/utils/IOExceptionRunnable;)V> (0x00000000d6ae3f58) thrown at [C:\src\AOSP-openjdk-git\hotspot\src\share\vm\interpreter\linkResolver.cpp, line
Event: 22.925 Thread 0x0000000018fe1000 Exception <a 'java/lang/NoSuchMethodError': java.lang.Object.newSystemTemporaryDirectory()Lcom/android/tools/build/apkzlib/bytestorage/TemporaryDirectory;> (0x00000000d6da6b78) thrown at [C:\src\AOSP-openjdk-git\hotspot\src\share\vm\interpreter\linkResolv
Event: 22.970 Thread 0x0000000018fe1000 Exception <a 'sun/nio/fs/WindowsException'> (0x00000000d6fb1dd0) thrown at [C:\src\AOSP-openjdk-git\hotspot\src\share\vm\prims\jni.cpp, line 710]
Event: 22.971 Thread 0x0000000018fe1000 Exception <a 'sun/nio/fs/WindowsException'> (0x00000000d6fb2310) thrown at [C:\src\AOSP-openjdk-git\hotspot\src\share\vm\prims\jni.cpp, line 710]
Event: 22.982 Thread 0x0000000018fe1000 Exception <a 'java/lang/NoSuchMethodError': java.lang.Object.lambda$static$0(Lcom/android/apksig/util/RunnablesProvider;)V> (0x00000000d704ede8) thrown at [C:\src\AOSP-openjdk-git\hotspot\src\share\vm\interpreter\linkResolver.cpp, line 620]
Event: 23.746 Thread 0x000000001aeb2000 Implicit null exception at 0x0000000003e809ac to 0x0000000003e809f5
Event: 23.818 Thread 0x000000001aeb2000 Implicit null exception at 0x000000000342f117 to 0x000000000342f4dd
Event: 6867.316 Thread 0x000000001d9be800 Implicit null exception at 0x00000000041091de to 0x0000000004109b21
Event: 6867.323 Thread 0x000000001d9be800 Implicit null exception at 0x0000000004585146 to 0x000000000458954d
Event: 6868.097 Thread 0x000000001d9be800 Implicit null exception at 0x00000000041faba5 to 0x00000000041fc595

Events (10 events):
Event: 6867.798 Thread 0x000000001d9be800 DEOPT PACKING pc=0x0000000004875b5c sp=0x000000001ca7c2f0
Event: 6867.798 Thread 0x000000001d9be800 DEOPT UNPACKING pc=0x00000000028e557b sp=0x000000001ca7c290 mode 2
Event: 6867.881 Thread 0x000000001d9be800 Uncommon trap: trap_request=0xffffff65 fr.pc=0x00000000038c3768
Event: 6867.881 Thread 0x000000001d9be800 DEOPT PACKING pc=0x00000000038c3768 sp=0x000000001ca7b940
Event: 6867.881 Thread 0x000000001d9be800 DEOPT UNPACKING pc=0x00000000028e557b sp=0x000000001ca7b8e0 mode 2
Event: 6867.889 Executing VM operation: RevokeBias
Event: 6867.890 Executing VM operation: RevokeBias done
Event: 6868.097 Thread 0x000000001d9be800 Uncommon trap: trap_request=0xfffffff4 fr.pc=0x00000000041fc5e4
Event: 6868.097 Thread 0x000000001d9be800 DEOPT PACKING pc=0x00000000041fc5e4 sp=0x000000001ca7a060
Event: 6868.098 Thread 0x000000001d9be800 DEOPT UNPACKING pc=0x00000000028e557b sp=0x000000001ca79f50 mode 2


Dynamic libraries:
0x00007ff77f1d0000 - 0x00007ff77f201000 	C:\Program Files\Android\Android Studio1\jre\bin\java.exe
0x00007ff937410000 - 0x00007ff937606000 	C:\Windows\SYSTEM32\ntdll.dll
0x00007ff935840000 - 0x00007ff9358fd000 	C:\Windows\System32\KERNEL32.DLL
0x00007ff935040000 - 0x00007ff935309000 	C:\Windows\System32\KERNELBASE.dll
0x00007ff935e10000 - 0x00007ff935ebc000 	C:\Windows\System32\ADVAPI32.dll
0x00007ff936ec0000 - 0x00007ff936f5e000 	C:\Windows\System32\msvcrt.dll
0x00007ff936190000 - 0x00007ff93622c000 	C:\Windows\System32\sechost.dll
0x00007ff936420000 - 0x00007ff93654b000 	C:\Windows\System32\RPCRT4.dll
0x00007ff935ff0000 - 0x00007ff936190000 	C:\Windows\System32\USER32.dll
0x00007ff934cf0000 - 0x00007ff934d12000 	C:\Windows\System32\win32u.dll
0x00007ff935ec0000 - 0x00007ff935eea000 	C:\Windows\System32\GDI32.dll
0x00007ff934f30000 - 0x00007ff93503b000 	C:\Windows\System32\gdi32full.dll
0x00007ff934b50000 - 0x00007ff934bed000 	C:\Windows\System32\msvcp_win.dll
0x00007ff934bf0000 - 0x00007ff934cf0000 	C:\Windows\System32\ucrtbase.dll
0x00007ff922860000 - 0x00007ff922afb000 	C:\Windows\WinSxS\amd64_microsoft.windows.common-controls_6595b64144ccf1df_6.0.19041.746_none_ca02b4b61b8320a4\COMCTL32.dll
0x00007ff935fc0000 - 0x00007ff935ff0000 	C:\Windows\System32\IMM32.DLL
0x00000000724a0000 - 0x0000000072572000 	C:\Program Files\Android\Android Studio1\jre\jre\bin\msvcr100.dll
0x0000000072fe0000 - 0x000000007382b000 	C:\Program Files\Android\Android Studio1\jre\jre\bin\server\jvm.dll
0x00007ff936630000 - 0x00007ff936638000 	C:\Windows\System32\PSAPI.DLL
0x00007ff925380000 - 0x00007ff9253a7000 	C:\Windows\SYSTEM32\WINMM.dll
0x00007ff92b780000 - 0x00007ff92b78a000 	C:\Windows\SYSTEM32\VERSION.dll
0x00007ff92e1c0000 - 0x00007ff92e1c9000 	C:\Windows\SYSTEM32\WSOCK32.dll
0x00007ff935ef0000 - 0x00007ff935f5b000 	C:\Windows\System32\WS2_32.dll
0x00007ff91dca0000 - 0x00007ff91dcaf000 	C:\Program Files\Android\Android Studio1\jre\jre\bin\verify.dll
0x00007ff912f10000 - 0x00007ff912f39000 	C:\Program Files\Android\Android Studio1\jre\jre\bin\java.dll
0x00007ff901f80000 - 0x00007ff901f96000 	C:\Program Files\Android\Android Studio1\jre\jre\bin\zip.dll
0x00007ff936770000 - 0x00007ff936eb3000 	C:\Windows\System32\SHELL32.dll
0x00007ff932cb0000 - 0x00007ff93343f000 	C:\Windows\SYSTEM32\windows.storage.dll
0x00007ff935900000 - 0x00007ff935c56000 	C:\Windows\System32\combase.dll
0x00007ff9345b0000 - 0x00007ff9345dc000 	C:\Windows\SYSTEM32\Wldp.dll
0x00007ff9354f0000 - 0x00007ff93559e000 	C:\Windows\System32\SHCORE.dll
0x00007ff9355a0000 - 0x00007ff9355f5000 	C:\Windows\System32\shlwapi.dll
0x00007ff934a80000 - 0x00007ff934aa6000 	C:\Windows\SYSTEM32\profapi.dll
0x00007ff901f60000 - 0x00007ff901f7a000 	C:\Program Files\Android\Android Studio1\jre\jre\bin\net.dll
0x00007ff934330000 - 0x00007ff93439a000 	C:\Windows\system32\mswsock.dll
0x00007ff901f40000 - 0x00007ff901f53000 	C:\Program Files\Android\Android Studio1\jre\jre\bin\nio.dll
0x00007ff92fa50000 - 0x00007ff92fa77000 	C:\Users\TOSHIBA\.gradle\native\f6784746aeab05261644944871eae4fe03e0ef1612fff0a4a95f87b438bc6780\windows-amd64\native-platform.dll
0x00007ff9132b0000 - 0x00007ff9132bd000 	C:\Program Files\Android\Android Studio1\jre\jre\bin\management.dll
0x00007ff934510000 - 0x00007ff934528000 	C:\Windows\SYSTEM32\CRYPTSP.dll
0x00007ff933c60000 - 0x00007ff933c94000 	C:\Windows\system32\rsaenh.dll
0x00007ff934e50000 - 0x00007ff934e77000 	C:\Windows\System32\bcrypt.dll
0x00007ff934a00000 - 0x00007ff934a2e000 	C:\Windows\SYSTEM32\USERENV.dll
0x00007ff934d20000 - 0x00007ff934da0000 	C:\Windows\System32\bcryptprimitives.dll
0x00007ff934500000 - 0x00007ff93450c000 	C:\Windows\SYSTEM32\CRYPTBASE.dll
0x00007ff933fd0000 - 0x00007ff93400b000 	C:\Windows\SYSTEM32\IPHLPAPI.DLL
0x00007ff9357b0000 - 0x00007ff9357b8000 	C:\Windows\System32\NSI.dll
0x00007ff92b810000 - 0x00007ff92b827000 	C:\Windows\SYSTEM32\dhcpcsvc6.DLL
0x00007ff92d2a0000 - 0x00007ff92d2bd000 	C:\Windows\SYSTEM32\dhcpcsvc.DLL
0x00007ff934010000 - 0x00007ff9340db000 	C:\Windows\SYSTEM32\DNSAPI.dll
0x00007ff92d710000 - 0x00007ff92d71b000 	C:\Windows\SYSTEM32\WINNSI.DLL

VM Arguments:
jvm_args: -Xmx2048m -Dfile.encoding=UTF-8 -Duser.country=US -Duser.language=en -Duser.variant 
java_command: org.gradle.launcher.daemon.bootstrap.GradleDaemon 6.5
java_class_path (initial): C:\Users\TOSHIBA\.gradle\wrapper\dists\gradle-6.5-bin\6nifqtx7604sqp1q6g8wikw7p\gradle-6.5\lib\gradle-launcher-6.5.jar
Launcher Type: SUN_STANDARD

Environment Variables:
PATH=C:\Windows\system32;C:\Windows;C:\Windows\System32\Wbem;C:\Windows\System32\WindowsPowerShell\v1.0\;C:\Windows\System32\OpenSSH\;D:\Program Files\Git\cmd;C:\Users\TOSHIBA\AppData\Local\Microsoft\WindowsApps;C:\Users\TOSHIBA\AppData\Local\Programs\Microsoft VS Code\bin;C:\Users\TOSHIBA\AppData\Local\GitHubDesktop\bin;C:\ProgramData\TOSHIBA\GitHubDesktop\bin;C:\wamp64\bin\php\php5.6.35;C:\Users\TOSHIBA\composer;C:\Users\TOSHIBA\AppData\Roaming\Composer\vendor\bin
USERNAME=TOSHIBA
OS=Windows_NT
PROCESSOR_IDENTIFIER=Intel64 Family 6 Model 69 Stepping 1, GenuineIntel



---------------  S Y S T E M  ---------------

OS: Windows 10.0 , 64 bit Build 19041 (10.0.19041.662)

CPU:total 4 (initial active 4) (2 cores per cpu, 2 threads per core) family 6 model 69 stepping 1, cmov, cx8, fxsr, mmx, sse, sse2, sse3, ssse3, sse4.1, sse4.2, popcnt, avx, avx2, aes, clmul, erms, lzcnt, ht, tsc, tscinvbit, bmi1, bmi2

Memory: 4k page, physical 8312048k(349480k free), swap 33477872k(4672k free)

vm_info: OpenJDK 64-Bit Server VM (25.242-b01) for windows-amd64 JRE (1.8.0_242-release-1644-b01), built by "builder" with MS VC++ 10.0 (VS2010)

time: Tue Jan 26 13:36:24 2021
timezone: Turkey Standard Time
elapsed time: 6868 seconds (0d 1h 54m 28s)

